Action.c(93):       <TD width=5% rowspan=2 align=left valign=top>\n
Action.c(93):     <b>\n
Action.c(93):     <label><input type="checkbox" name="15" value="on" /></label></font></b>\n
Action.c(93):     <input type="hidden" name="flightID" value="0-1160-nl"  />\n
Action.c(93):       </TD>\n
Action.c(93):       <TD width=45% valign=top>\n
Action.c(93):           <b>&nbsp;&nbsp;A First class ticket for :</b><br>\n
Action.c(93):           <center><table border=0 width=85%><tr><td>\n
Action.c(93):           <li><i>lastname5 name5\n
Action.c(93):           <li><i></i>\n
Action.c(93):           </td></tr></table></center>\n
Action.c(93):       </TD>\n
Action.c(93):       <TD width=5% >.<br>.<br>.<br>.</TD>\n
Action.c(93):       <TD width=45% valign=top><b>Invoice sent to:</b><br>\n
Action.c(93):           <center>\n
Action.c(93):           <Table width=80% cellspacing=0 > <tr> <td>\n
Action.c(93):               name5 lastname5\n
Action.c(93):     <br>\n
Action.c(93):               street5<br>\n
Action.c(93):               city5<br>\n
Action.c(93):               <br>\n
Action.c(93):               Total Charge: $ 92 <BR> (CC: x-ard5)\n
Action.c(93):           </td> </tr> </table>\n
Action.c(93):           </center>\n
Action.c(93):       </TD>\n
Action.c(93):     </TR>\n
Action.c(93):     <TR bgcolor=#EFF2F7>\n
Action.c(93):       <TD COLSPAN=3>\n
Action.c(93):       <b>Flight Details:</b><BR>  <center>\n
Action.c(93):       02/16/2024\n
Action.c(93):      :  11pm : Flight 363 leaves Los Angeles  for San Francisco.<br>  </center>\n
Action.c(93):       </TD>\n
Action.c(93):     </TR>\n
Action.c(93):     \n
Action.c(93):     <TR bgcolor=#EFF2F7>\n
Action.c(93):       <TD COLSPAN=4>\n
Action.c(93):       <hr>\n
Action.c(93):       </TD>\n
Action.c(93):     </TR>\n
Action.c(93):     \n
Action.c(93):     <!-- Flight #1 -->\n
Action.c(93):     <TR bgcolor=#EFF2F7>\n
Action.c(93):       <TD width=5% rowspan=2 align=left valign=top>\n
Action.c(93):     <b>\n
Action.c(93):     <label><input type="checkbox" name="16" value="on" /></label></font></b>\n
Action.c(93):     <input type="hidden" name="flightID" value="0-12320-nl"  />\n
Action.c(93):       </TD>\n
Action.c(93):       <TD width=45% valign=top>\n
Action.c(93):           <b>&nbsp;&nbsp;A First class ticket for :</b><br>\n
Action.c(93):           <center><table border=0 width=85%><tr><td>\n
Action.c(93):           <li><i>lastname5 name5\n
Action.c(93):           <li><i></i>\n
Action.c(93):           </td></tr></table></center>\n
Action.c(93):       </TD>\n
Action.c(93):       <TD width=5% >.<br>.<br>.<br>.</TD>\n
Action.c(93):       <TD width=45% valign=top><b>Invoice sent to:</b><br>\n
Action.c(93):           <center>\n
Action.c(93):           <Table width=80% cellspacing=0 > <tr> <td>\n
Action.c(93):               name5 lastname5\n
Action.c(93):     <br>\n
Action.c(93):               street5<br>\n
Action.c(93):               city5<br>\n
Action.c(93):               <br>\n
Action.c(93):               Total Charge: $ 162 <BR> (CC: x-ard5)\n
Action.c(93):           </td> </tr> </table>\n
Action.c(93):           </center>\n
Action.c(93):       </TD>\n
Action.c(93):     </TR>\n
Action.c(93):     <TR bgcolor=#EFF2F7>\n
Action.c(93):       <TD COLSPAN=3>\n
Action.c(93):       <b>Flight Details:</b><BR>  <center>\n
Action.c(93):       02/16/2024\n
Action.c(93):      :  8am : Flight 670 leaves San Francisco  for Seattle.<br>  </center>\n
Action.c(93):       </TD>\n
Action.c(93):     </TR>\n
Action.c(93):     \n
Action.c(93):     <TR bgcolor=#EFF2F7>\n
Action.c(93):       <TD COLSPAN=4>\n
Action.c(93):       <hr>\n
Action.c(93):       </TD>\n
Action.c(93):     </TR>\n
Action.c(93):     \n
Action.c(93):     <!-- Flight #1 -->\n
Action.c(93):     <TR bgcolor=#EFF2F7>\n
Action.c(93):       <TD width=5% rowspan=2 align=left valign=top>\n
Action.c(93):     <b>\n
Action.c(93):     <label><input type="checkbox" name="17" value="on" /></label></font></b>\n
Action.c(93):     <input type="hidden" name="flightID" value="0-13136-nl"  />\n
Action.c(93):       </TD>\n
Action.c(93):       <TD width=45% valign=top>\n
Action.c(93):           <b>&nbsp;&nbsp;A Coach class ticket for :</b><br>\n
Action.c(93):           <center><table border=0 width=85%><tr><td>\n
Action.c(93):           <li><i>lastname5 name5\n
Action.c(93):           <li><i></i>\n
Action.c(93):           </td></tr></table></center>\n
Action.c(93):       </TD>\n
Action.c(93):       <TD width=5% >.<br>.<br>.<br>.</TD>\n
Action.c(93):       <TD width=45% valign=top><b>Invoice sent to:</b><br>\n
Action.c(93):           <center>\n
Action.c(93):           <Table width=80% cellspacing=0 > <tr> <td>\n
Action.c(93):               name5 lastname5\n
Action.c(93):     <br>\n
Action.c(93):               street5<br>\n
Action.c(93):               city5<br>\n
Action.c(93):               <br>\n
Action.c(93):               Total Charge: $ 773 <BR> (CC: x-ard5)\n
Action.c(93):           </td> </tr> </table>\n
Action.c(93):           </center>\n
Action.c(93):       </TD>\n
Action.c(93):     </TR>\n
Action.c(93):     <TR bgcolor=#EFF2F7>\n
Action.c(93):       <TD COLSPAN=3>\n
Action.c(93):       <b>Flight Details:</b><BR>  <center>\n
Action.c(93):       02/16/2024\n
Action.c(93):      :  8am : Flight 230 leaves London  for Los Angeles.<br>  </center>\n
Action.c(93):       </TD>\n
Action.c(93):     </TR>\n
Action.c(93):     \n
Action.c(93):     <TR bgcolor=#EFF2F7>\n
Action.c(93):       <TD COLSPAN=4>\n
Action.c(93):       <hr>\n
Action.c(93):       </TD>\n
Action.c(93):     </TR>\n
Action.c(93):     \n
Action.c(93):     <!-- Flight #1 -->\n
Action.c(93):     <TR bgcolor=#EFF2F7>\n
Action.c(93):       <TD width=5% rowspan=2 align=left valign=top>\n
Action.c(93):     <b>\n
Action.c(93):     <label><input type="checkbox" name="18" value="on" /></label></font></b>\n
Action.c(93):     <input type="hidden" name="flightID" value="0-13917-nl"  />\n
Action.c(93):       </TD>\n
Action.c(93):       <TD width=45% valign=top>\n
Action.c(93):           <b>&nbsp;&nbsp;A First class ticket for :</b><br>\n
Action.c(93):           <center><table border=0 width=85%><tr><td>\n
Action.c(93):           <li><i>lastname5 name5\n
Action.c(93):           <li><i></i>\n
Action.c(93):           </td></tr></table></center>\n
Action.c(93):       </TD>\n
Action.c(93):       <TD width=5% >.<br>.<br>.<br>.</TD>\n
Action.c(93):       <TD width=45% valign=top><b>Invoice sent to:</b><br>\n
Action.c(93):           <center>\n
Action.c(93):           <Table width=80% cellspacing=0 > <tr> <td>\n
Action.c(93):               name5 lastname5\n
Action.c(93):     <br>\n
Action.c(93):               street5<br>\n
Action.c(93):               city5<br>\n
Action.c(93):               <br>\n
Action.c(93):               Total Charge: $ 927 <BR> (CC: x-ard5)\n
Action.c(93):           </td> </tr> </table>\n
Action.c(93):           </center>\n
Action.c(93):       </TD>\n
Action.c(93):     </TR>\n
Action.c(93):     <TR bgcolor=#EFF2F7>\n
Action.c(93):       <TD COLSPAN=3>\n
Action.c(93):       <b>Flight Details:</b><BR>  <center>\n
Action.c(93):       02/16/2024\n
Action.c(93):      :  1pm : Flight 521 leaves Portland  for London.<br>  </center>\n
Action.c(93):       </TD>\n
Action.c(93):     </TR>\n
Action.c(93):     \n
Action.c(93):     <TR bgcolor=#EFF2F7>\n
Action.c(93):       <TD COLSPAN=4>\n
Action.c(93):       <hr>\n
Action.c(93):       </TD>\n
Action.c(93):     </TR>\n
Action.c(93):     \n
Action.c(93):     <!-- Flight #1 -->\n
Action.c(93):     <TR bgcolor=#EFF2F7>\n
Action.c(93):       <TD width=5% rowspan=2 align=left valign=top>\n
Action.c(93):     <b>\n
Action.c(93):     <label><input type="checkbox" name="19" value="on" /></label></font></b>\n
Action.c(93):     <input type="hidden" name="flightID" value="0-14672-nl"  />\n
Action.c(93):       </TD>\n
Action.c(93):       <TD width=45% valign=top>\n
Action.c(93):           <b>&nbsp;&nbsp;A Business class ticket for :</b><br>\n
Action.c(93):           <center><table border=0 width=85%><tr><td>\n
Action.c(93):           <li><i>lastname5 name5\n
Action.c(93):           <li><i></i>\n
Action.c(93):           </td></tr></table></center>\n
Action.c(93):       </TD>\n
Action.c(93):       <TD width=5% >.<br>.<br>.<br>.</TD>\n
Action.c(93):       <TD width=45% valign=top><b>Invoice sent to:</b><br>\n
Action.c(93):           <center>\n
Action.c(93):           <Table width=80% cellspacing=0 > <tr> <td>\n
Action.c(93):               name5 lastname5\n
Action.c(93):     <br>\n
Action.c(93):               street5<br>\n
Action.c(93):               city5<br>\n
Action.c(93):               <br>\n
Action.c(93):               Total Charge: $ 740 <BR> (CC: x-ard5)\n
Action.c(93):           </td> </tr> </table>\n
Action.c(93):           </center>\n
Action.c(93):       </TD>\n
Action.c(93):     </TR>\n
Action.c(93):     <TR bgcolor=#EFF2F7>\n
Action.c(93):       <TD COLSPAN=3>\n
Action.c(93):       <b>Flight Details:</b><BR>  <center>\n
Action.c(93):       02/16/2024\n
Action.c(93):      :  8am : Flight 170 leaves Frankfurt  for Seattle.<br>  </center>\n
Action.c(93):       </TD>\n
Action.c(93):     </TR>\n
Action.c(93):     \n
Action.c(93):     <TR bgcolor=#EFF2F7>\n
Action.c(93):       <TD COLSPAN=4>\n
Action.c(93):       <hr>\n
Action.c(93):       </TD>\n
Action.c(93):     </TR>\n
Action.c(93):     \n
Action.c(93):     <!-- Flight #1 -->\n
Action.c(93):     <TR bgcolor=#EFF2F7>\n
Action.c(93):       <TD width=5% rowspan=2 align=left valign=top>\n
Action.c(93):     <b>\n
Action.c(93):     <label><input type="checkbox" name="20" value="on" /></label></font></b>\n
Action.c(93):     <input type="hidden" name="flightID" value="0-15406-nl"  />\n
Action.c(93):       </TD>\n
Action.c(93):       <TD width=45% valign=top>\n
Action.c(93):           <b>&nbsp;&nbsp;A Coach class ticket for :</b><br>\n
Action.c(93):           <center><table border=0 width=85%><tr><td>\n
Action.c(93):           <li><i>lastname5 name5\n
Action.c(93):           <li><i></i>\n
Action.c(93):           </td></tr></table></center>\n
Action.c(93):       </TD>\n
Action.c(93):       <TD width=5% >.<br>.<br>.<br>.</TD>\n
Action.c(93):       <TD width=45% valign=top><b>Invoice sent to:</b><br>\n
Action.c(93):           <center>\n
Action.c(93):           <Table width=80% cellspacing=0 > <tr> <td>\n
Action.c(93):               name5 lastname5\n
Action.c(93):     <br>\n
Action.c(93):               street5<br>\n
Action.c(93):               city5<br>\n
Action.c(93):               <br>\n
Action.c(93):               Total Charge: $ 287 <BR> (CC: x-ard5)\n
Action.c(93):           </td> </tr> </table>\n
Action.c(93):           </center>\n
Action.c(93):       </TD>\n
Action.c(93):     </TR>\n
Action.c(93):     <TR bgcolor=#EFF2F7>\n
Action.c(93):       <TD COLSPAN=3>\n
Action.c(93):       <b>Flight Details:</b><BR>  <center>\n
Action.c(93):       02/16/2024\n
Action.c(93):      :  11pm : Flight 403 leaves Paris  for Denver.<br>  </center>\n
Action.c(93):       </TD>\n
Action.c(93):     </TR>\n
Action.c(93):     \n
Action.c(93):     <TR bgcolor=#EFF2F7>\n
Action.c(93):       <TD COLSPAN=4>\n
Action.c(93):       <hr>\n
Action.c(93):       </TD>\n
Action.c(93):     </TR>\n
Action.c(93):     \n
Action.c(93):     <!-- Flight #1 -->\n
Action.c(93):     <TR bgcolor=#EFF2F7>\n
Action.c(93):       <TD width=5% rowspan=2 align=left valign=top>\n
Action.c(93):     <b>\n
Action.c(93):     <label><input type="checkbox" name="21" value="on" /></label></font></b>\n
Action.c(93):     <input type="hidden" name="flightID" value="0-16174-nl"  />\n
Action.c(93):       </TD>\n
Action.c(93):       <TD width=45% valign=top>\n
Action.c(93):           <b>&nbsp;&nbsp;A Coach class ticket for :</b><br>\n
Action.c(93):           <center><table border=0 width=85%><tr><td>\n
Action.c(93):           <li><i>lastname5 name5\n
Action.c(93):           <li><i></i>\n
Action.c(93):           </td></tr></table></center>\n
Action.c(93):       </TD>\n
Action.c(93):       <TD width=5% >.<br>.<br>.<br>.</TD>\n
Action.c(93):       <TD width=45% valign=top><b>Invoice sent to:</b><br>\n
Action.c(93):           <center>\n
Action.c(93):           <Table width=80% cellspacing=0 > <tr> <td>\n
Action.c(93):               name5 lastname5\n
Action.c(93):     <br>\n
Action.c(93):               street5<br>\n
Action.c(93):               city5<br>\n
Action.c(93):               <br>\n
Action.c(93):               Total Charge: $ 266 <BR> (CC: x-ard5)\n
Action.c(93):           </td> </tr> </table>\n
Action.c(93):           </center>\n
Action.c(93):       </TD>\n
Action.c(93):     </TR>\n
Action.c(93):     <TR bgcolor=#EFF2F7>\n
Action.c(93):       <TD COLSPAN=3>\n
Action.c(93):       <b>Flight Details:</b><BR>  <center>\n
Action.c(93):       02/16/2024\n
Action.c(93):      :  8am : Flight 120 leaves Frankfurt  for London.<br>  </center>\n
Action.c(93):       </TD>\n
Action.c(93):     </TR>\n
Action.c(93):     \n
Action.c(93):     <TR bgcolor=#EFF2F7>\n
Action.c(93):       <TD COLSPAN=4>\n
Action.c(93):       <hr>\n
Action.c(93):       </TD>\n
Action.c(93):     </TR>\n
Action.c(93):     \n
Action.c(93):     <!-- Flight #1 -->\n
Action.c(93):     <TR bgcolor=#EFF2F7>\n
Action.c(93):       <TD width=5% rowspan=2 align=left valign=top>\n
Action.c(93):     <b>\n
Action.c(93):     <label><input type="checkbox" name="22" value="on" /></label></font></b>\n
Action.c(93):     <input type="hidden" name="flightID" value="0-16972-nl"  />\n
Action.c(93):       </TD>\n
Action.c(93):       <TD width=45% valign=top>\n
Action.c(93):           <b>&nbsp;&nbsp;A First class ticket for :</b><br>\n
Action.c(93):           <center><table border=0 width=85%><tr><td>\n
Action.c(93):           <li><i>lastname5 name5\n
Action.c(93):           <li><i></i>\n
Action.c(93):           </td></tr></table></center>\n
Action.c(93):       </TD>\n
Action.c(93):       <TD width=5% >.<br>.<br>.<br>.</TD>\n
Action.c(93):       <TD width=45% valign=top><b>Invoice sent to:</b><br>\n
Action.c(93):           <center>\n
Action.c(93):           <Table width=80% cellspacing=0 > <tr> <td>\n
Action.c(93):               name5 lastname5\n
Action.c(93):     <br>\n
Action.c(93):               street5<br>\n
Action.c(93):               city5<br>\n
Action.c(93):               <br>\n
Action.c(93):               Total Charge: $ 646 <BR> (CC: x-ard5)\n
Action.c(93):           </td> </tr> </table>\n
Action.c(93):           </center>\n
Action.c(93):       </TD>\n
Action.c(93):     </TR>\n
Action.c(93):     <TR bgcolor=#EFF2F7>\n
Action.c(93):       <TD COLSPAN=3>\n
Action.c(93):       <b>Flight Details:</b><BR>  <center>\n
Action.c(93):       02/16/2024\n
Action.c(93):      :  11pm : Flight 093 leaves Denver  for Zurich.<br>  </center>\n
Action.c(93):       </TD>\n
Action.c(93):     </TR>\n
Action.c(93):     \n
Action.c(93):     <TR bgcolor=#EFF2F7>\n
Action.c(93):       <TD COLSPAN=4>\n
Action.c(93):       <hr>\n
Action.c(93):       </TD>\n
Action.c(93):     </TR>\n
Action.c(93):     \n
Action.c(93):     <!-- Flight #1 -->\n
Action.c(93):     <TR bgcolor=#EFF2F7>\n
Action.c(93):       <TD width=5% rowspan=2 align=left valign=top>\n
Action.c(93):     <b>\n
Action.c(93):     <label><input type="checkbox" name="23" value="on" /></label></font></b>\n
Action.c(93):     <input type="hidden" name="flightID" value="0-177009-nl"  />\n
Action.c(93):       </TD>\n
Action.c(93):       <TD width=45% valign=top>\n
Action.c(93):           <b>&nbsp;&nbsp;A First class ticket for :</b><br>\n
Action.c(93):           <center><table border=0 width=85%><tr><td>\n
Action.c(93):           <li><i>lastname5 name5\n
Action.c(93):           <li><i></i>\n
Action.c(93):           </td></tr></table></center>\n
Action.c(93):       </TD>\n
Action.c(93):       <TD width=5% >.<br>.<br>.<br>.</TD>\n
Action.c(93):       <TD width=45% valign=top><b>Invo
Action.c(93): t=3918338ms: 12287-byte response body for "http://127.0.0.1:8090/WebTours/itinerary.pl" (RelFrameId=1.2, Internal ID=3381)
Action.c(93):     ice sent to:</b><br>\n
Action.c(93):           <center>\n
Action.c(93):           <Table width=80% cellspacing=0 > <tr> <td>\n
Action.c(93):               name5 lastname5\n
Action.c(93):     <br>\n
Action.c(93):               street5<br>\n
Action.c(93):               city5<br>\n
Action.c(93):               <br>\n
Action.c(93):               Total Charge: $ 1128 <BR> (CC: x-ard5)\n
Action.c(93):           </td> </tr> </table>\n
Action.c(93):           </center>\n
Action.c(93):       </TD>\n
Action.c(93):     </TR>\n
Action.c(93):     <TR bgcolor=#EFF2F7>\n
Action.c(93):       <TD COLSPAN=3>\n
Action.c(93):       <b>Flight Details:</b><BR>  <center>\n
Action.c(93):       02/16/2024\n
Action.c(93):      :  11pm : Flight 863 leaves Sydney  for San Francisco.<br>  </center>\n
Action.c(93):       </TD>\n
Action.c(93):     </TR>\n
Action.c(93):     \n
Action.c(93):     <TR bgcolor=#EFF2F7>\n
Action.c(93):       <TD COLSPAN=4>\n
Action.c(93):       <hr>\n
Action.c(93):       </TD>\n
Action.c(93):     </TR>\n
Action.c(93):     \n
Action.c(93):     <!-- Flight #1 -->\n
Action.c(93):     <TR bgcolor=#EFF2F7>\n
Action.c(93):       <TD width=5% rowspan=2 align=left valign=top>\n
Action.c(93):     <b>\n
Action.c(93):     <label><input type="checkbox" name="24" value="on" /></label></font></b>\n
Action.c(93):     <input type="hidden" name="flightID" value="0-18518-nl"  />\n
Action.c(93):       </TD>\n
Action.c(93):       <TD width=45% valign=top>\n
Action.c(93):           <b>&nbsp;&nbsp;A Business class ticket for :</b><br>\n
Action.c(93):           <center><table border=0 width=85%><tr><td>\n
Action.c(93):           <li><i>lastname5 name5\n
Action.c(93):           <li><i></i>\n
Action.c(93):           </td></tr></table></center>\n
Action.c(93):       </TD>\n
Action.c(93):       <TD width=5% >.<br>.<br>.<br>.</TD>\n
Action.c(93):       <TD width=45% valign=top><b>Invoice sent to:</b><br>\n
Action.c(93):           <center>\n
Action.c(93):           <Table width=80% cellspacing=0 > <tr> <td>\n
Action.c(93):               name5 lastname5\n
Action.c(93):     <br>\n
Action.c(93):               street5<br>\n
Action.c(93):               city5<br>\n
Action.c(93):               <br>\n
Action.c(93):               Total Charge: $ 738 <BR> (CC: x-ard5)\n
Action.c(93):           </td> </tr> </table>\n
Action.c(93):           </center>\n
Action.c(93):       </TD>\n
Action.c(93):     </TR>\n
Action.c(93):     <TR bgcolor=#EFF2F7>\n
Action.c(93):       <TD COLSPAN=3>\n
Action.c(93):       <b>Flight Details:</b><BR>  <center>\n
Action.c(93):       02/16/2024\n
Action.c(93):      :  11pm : Flight 643 leaves San Francisco  for Paris.<br>  </center>\n
Action.c(93):       </TD>\n
Action.c(93):     </TR>\n
Action.c(93):     \n
Action.c(93):     <TR bgcolor=#EFF2F7>\n
Action.c(93):       <TD COLSPAN=4>\n
Action.c(93):       <hr>\n
Action.c(93):       </TD>\n
Action.c(93):     </TR>\n
Action.c(93):     \n
Action.c(93):     <!-- Flight #1 -->\n
Action.c(93):     <TR bgcolor=#EFF2F7>\n
Action.c(93):       <TD width=5% rowspan=2 align=left valign=top>\n
Action.c(93):     <b>\n
Action.c(93):     <label><input type="checkbox" name="25" value="on" /></label></font></b>\n
Action.c(93):     <input type="hidden" name="flightID" value="0-19276-nl"  />\n
Action.c(93):       </TD>\n
Action.c(93):       <TD width=45% valign=top>\n
Action.c(93):           <b>&nbsp;&nbsp;A First class ticket for :</b><br>\n
Action.c(93):           <center><table border=0 width=85%><tr><td>\n
Action.c(93):           <li><i>lastname5 name5\n
Action.c(93):           <li><i></i>\n
Action.c(93):           </td></tr></table></center>\n
Action.c(93):       </TD>\n
Action.c(93):       <TD width=5% >.<br>.<br>.<br>.</TD>\n
Action.c(93):       <TD width=45% valign=top><b>Invoice sent to:</b><br>\n
Action.c(93):           <center>\n
Action.c(93):           <Table width=80% cellspacing=0 > <tr> <td>\n
Action.c(93):               name5 lastname5\n
Action.c(93):     <br>\n
Action.c(93):               street5<br>\n
Action.c(93):               city5<br>\n
Action.c(93):               <br>\n
Action.c(93):               Total Charge: $ 600 <BR> (CC: x-ard5)\n
Action.c(93):           </td> </tr> </table>\n
Action.c(93):           </center>\n
Action.c(93):       </TD>\n
Action.c(93):     </TR>\n
Action.c(93):     <TR bgcolor=#EFF2F7>\n
Action.c(93):       <TD COLSPAN=3>\n
Action.c(93):       <b>Flight Details:</b><BR>  <center>\n
Action.c(93):       02/16/2024\n
Action.c(93):      :  8am : Flight 150 leaves Frankfurt  for Portland.<br>  </center>\n
Action.c(93):       </TD>\n
Action.c(93):     </TR>\n
Action.c(93):     \n
Action.c(93):     <TR bgcolor=#EFF2F7>\n
Action.c(93):       <TD COLSPAN=4>\n
Action.c(93):       <hr>\n
Action.c(93):       </TD>\n
Action.c(93):     </TR>\n
Action.c(93):     \n
Action.c(93):     <!-- Flight #1 -->\n
Action.c(93):     <TR bgcolor=#EFF2F7>\n
Action.c(93):       <TD width=5% rowspan=2 align=left valign=top>\n
Action.c(93):     <b>\n
Action.c(93):     <label><input type="checkbox" name="26" value="on" /></label></font></b>\n
Action.c(93):     <input type="hidden" name="flightID" value="0-20026-nl"  />\n
Action.c(93):       </TD>\n
Action.c(93):       <TD width=45% valign=top>\n
Action.c(93):           <b>&nbsp;&nbsp;A First class ticket for :</b><br>\n
Action.c(93):           <center><table border=0 width=85%><tr><td>\n
Action.c(93):           <li><i>lastname5 name5\n
Action.c(93):           <li><i></i>\n
Action.c(93):           </td></tr></table></center>\n
Action.c(93):       </TD>\n
Action.c(93):       <TD width=5% >.<br>.<br>.<br>.</TD>\n
Action.c(93):       <TD width=45% valign=top><b>Invoice sent to:</b><br>\n
Action.c(93):           <center>\n
Action.c(93):           <Table width=80% cellspacing=0 > <tr> <td>\n
Action.c(93):               name5 lastname5\n
Action.c(93):     <br>\n
Action.c(93):               street5<br>\n
Action.c(93):               city5<br>\n
Action.c(93):               <br>\n
Action.c(93):               Total Charge: $ 350 <BR> (CC: x-ard5)\n
Action.c(93):           </td> </tr> </table>\n
Action.c(93):           </center>\n
Action.c(93):       </TD>\n
Action.c(93):     </TR>\n
Action.c(93):     <TR bgcolor=#EFF2F7>\n
Action.c(93):       <TD COLSPAN=3>\n
Action.c(93):       <b>Flight Details:</b><BR>  <center>\n
Action.c(93):       02/16/2024\n
Action.c(93):      :  8am : Flight 290 leaves London  for Zurich.<br>  </center>\n
Action.c(93):       </TD>\n
Action.c(93):     </TR>\n
Action.c(93):     \n
Action.c(93):     <TR bgcolor=#EFF2F7>\n
Action.c(93):       <TD COLSPAN=4>\n
Action.c(93):       <hr>\n
Action.c(93):       </TD>\n
Action.c(93):     </TR>\n
Action.c(93):     \n
Action.c(93):     <!-- Flight #1 -->\n
Action.c(93):     <TR bgcolor=#EFF2F7>\n
Action.c(93):       <TD width=5% rowspan=2 align=left valign=top>\n
Action.c(93):     <b>\n
Action.c(93):     <label><input type="checkbox" name="27" value="on" /></label></font></b>\n
Action.c(93):     <input type="hidden" name="flightID" value="0-207783-nl"  />\n
Action.c(93):       </TD>\n
Action.c(93):       <TD width=45% valign=top>\n
Action.c(93):           <b>&nbsp;&nbsp;A First class ticket for :</b><br>\n
Action.c(93):           <center><table border=0 width=85%><tr><td>\n
Action.c(93):           <li><i>lastname5 name5\n
Action.c(93):           <li><i></i>\n
Action.c(93):           </td></tr></table></center>\n
Action.c(93):       </TD>\n
Action.c(93):       <TD width=5% >.<br>.<br>.<br>.</TD>\n
Action.c(93):       <TD width=45% valign=top><b>Invoice sent to:</b><br>\n
Action.c(93):           <center>\n
Action.c(93):           <Table width=80% cellspacing=0 > <tr> <td>\n
Action.c(93):               name5 lastname5\n
Action.c(93):     <br>\n
Action.c(93):               street5<br>\n
Action.c(93):               city5<br>\n
Action.c(93):               <br>\n
Action.c(93):               Total Charge: $ 1187 <BR> (CC: x-ard5)\n
Action.c(93):           </td> </tr> </table>\n
Action.c(93):           </center>\n
Action.c(93):       </TD>\n
Action.c(93):     </TR>\n
Action.c(93):     <TR bgcolor=#EFF2F7>\n
Action.c(93):       <TD COLSPAN=3>\n
Action.c(93):       <b>Flight Details:</b><BR>  <center>\n
Action.c(93):       02/16/2024\n
Action.c(93):      :  5pm : Flight 832 leaves Sydney  for Los Angeles.<br>  </center>\n
Action.c(93):       </TD>\n
Action.c(93):     </TR>\n
Action.c(93):     \n
Action.c(93):     <TR bgcolor=#EFF2F7>\n
Action.c(93):       <TD COLSPAN=4>\n
Action.c(93):       <hr>\n
Action.c(93):       </TD>\n
Action.c(93):     </TR>\n
Action.c(93):     \n
Action.c(93):     <!-- Flight #1 -->\n
Action.c(93):     <TR bgcolor=#EFF2F7>\n
Action.c(93):       <TD width=5% rowspan=2 align=left valign=top>\n
Action.c(93):     <b>\n
Action.c(93):     <label><input type="checkbox" name="28" value="on" /></label></font></b>\n
Action.c(93):     <input type="hidden" name="flightID" value="0-21549-nl"  />\n
Action.c(93):       </TD>\n
Action.c(93):       <TD width=45% valign=top>\n
Action.c(93):           <b>&nbsp;&nbsp;A Coach class ticket for :</b><br>\n
Action.c(93):           <center><table border=0 width=85%><tr><td>\n
Action.c(93):           <li><i>lastname5 name5\n
Action.c(93):           <li><i></i>\n
Action.c(93):           </td></tr></table></center>\n
Action.c(93):       </TD>\n
Action.c(93):       <TD width=5% >.<br>.<br>.<br>.</TD>\n
Action.c(93):       <TD width=45% valign=top><b>Invoice sent to:</b><br>\n
Action.c(93):           <center>\n
Action.c(93):           <Table width=80% cellspacing=0 > <tr> <td>\n
Action.c(93):               name5 lastname5\n
Action.c(93):     <br>\n
Action.c(93):               street5<br>\n
Action.c(93):               city5<br>\n
Action.c(93):               <br>\n
Action.c(93):               Total Charge: $ 143 <BR> (CC: x-ard5)\n
Action.c(93):           </td> </tr> </table>\n
Action.c(93):           </center>\n
Action.c(93):       </TD>\n
Action.c(93):     </TR>\n
Action.c(93):     <TR bgcolor=#EFF2F7>\n
Action.c(93):       <TD COLSPAN=3>\n
Action.c(93):       <b>Flight Details:</b><BR>  <center>\n
Action.c(93):       02/16/2024\n
Action.c(93):      :  11pm : Flight 373 leaves Los Angeles  for Seattle.<br>  </center>\n
Action.c(93):       </TD>\n
Action.c(93):     </TR>\n
Action.c(93):     \n
Action.c(93):     <TR bgcolor=#EFF2F7>\n
Action.c(93):       <TD COLSPAN=4>\n
Action.c(93):       <hr>\n
Action.c(93):       </TD>\n
Action.c(93):     </TR>\n
Action.c(93):     \n
Action.c(93):     <!-- Flight #1 -->\n
Action.c(93):     <TR bgcolor=#EFF2F7>\n
Action.c(93):       <TD width=5% rowspan=2 align=left valign=top>\n
Action.c(93):     <b>\n
Action.c(93):     <label><input type="checkbox" name="29" value="on" /></label></font></b>\n
Action.c(93):     <input type="hidden" name="flightID" value="0-22358-nl"  />\n
Action.c(93):       </TD>\n
Action.c(93):       <TD width=45% valign=top>\n
Action.c(93):           <b>&nbsp;&nbsp;A First class ticket for :</b><br>\n
Action.c(93):           <center><table border=0 width=85%><tr><td>\n
Action.c(93):           <li><i>lastname5 name5\n
Action.c(93):           <li><i></i>\n
Action.c(93):           </td></tr></table></center>\n
Action.c(93):       </TD>\n
Action.c(93):       <TD width=5% >.<br>.<br>.<br>.</TD>\n
Action.c(93):       <TD width=45% valign=top><b>Invoice sent to:</b><br>\n
Action.c(93):           <center>\n
Action.c(93):           <Table width=80% cellspacing=0 > <tr> <td>\n
Action.c(93):               name5 lastname5\n
Action.c(93):     <br>\n
Action.c(93):               street5<br>\n
Action.c(93):               city5<br>\n
Action.c(93):               <br>\n
Action.c(93):               Total Charge: $ 666 <BR> (CC: x-ard5)\n
Action.c(93):           </td> </tr> </table>\n
Action.c(93):           </center>\n
Action.c(93):       </TD>\n
Action.c(93):     </TR>\n
Action.c(93):     <TR bgcolor=#EFF2F7>\n
Action.c(93):       <TD COLSPAN=3>\n
Action.c(93):       <b>Flight Details:</b><BR>  <center>\n
Action.c(93):       02/16/2024\n
Action.c(93):      :  5pm : Flight 692 leaves San Francisco  for Zurich.<br>  </center>\n
Action.c(93):       </TD>\n
Action.c(93):     </TR>\n
Action.c(93):     \n
Action.c(93):     <TR bgcolor=#EFF2F7>\n
Action.c(93):       <TD COLSPAN=4>\n
Action.c(93):       <hr>\n
Action.c(93):       </TD>\n
Action.c(93):     </TR>\n
Action.c(93):     \n
Action.c(93):     <!-- Flight #1 -->\n
Action.c(93):     <TR bgcolor=#EFF2F7>\n
Action.c(93):       <TD width=5% rowspan=2 align=left valign=top>\n
Action.c(93):     <b>\n
Action.c(93):     <label><input type="checkbox" name="30" value="on" /></label></font></b>\n
Action.c(93):     <input type="hidden" name="flightID" value="0-23131-nl"  />\n
Action.c(93):       </TD>\n
Action.c(93):       <TD width=45% valign=top>\n
Action.c(93):           <b>&nbsp;&nbsp;A First class ticket for :</b><br>\n
Action.c(93):           <center><table border=0 width=85%><tr><td>\n
Action.c(93):           <li><i>lastname5 name5\n
Action.c(93):           <li><i></i>\n
Action.c(93):           </td></tr></table></center>\n
Action.c(93):       </TD>\n
Action.c(93):       <TD width=5% >.<br>.<br>.<br>.</TD>\n
Action.c(93):       <TD width=45% valign=top><b>Invoice sent to:</b><br>\n
Action.c(93):           <center>\n
Action.c(93):           <Table width=80% cellspacing=0 > <tr> <td>\n
Action.c(93):               name5 lastname5\n
Action.c(93):     <br>\n
Action.c(93):               street5<br>\n
Action.c(93):               city5<br>\n
Action.c(93):               <br>\n
Action.c(93):               Total Charge: $ 708 <BR> (CC: x-ard5)\n
Action.c(93):           </td> </tr> </table>\n
Action.c(93):           </center>\n
Action.c(93):       </TD>\n
Action.c(93):     </TR>\n
Action.c(93):     <TR bgcolor=#EFF2F7>\n
Action.c(93):       <TD COLSPAN=3>\n
Action.c(93):       <b>Flight Details:</b><BR>  <center>\n
Action.c(93):       02/16/2024\n
Action.c(93):      :  11pm : Flight 593 leaves Portland  for Zurich.<br>  </center>\n
Action.c(93):       </TD>\n
Action.c(93):     </TR>\n
Action.c(93):     \n
Action.c(93):     <TR bgcolor=#EFF2F7>\n
Action.c(93):       <TD COLSPAN=4>\n
Action.c(93):       <hr>\n
Action.c(93):       </TD>\n
Action.c(93):     </TR>\n
Action.c(93):     \n
Action.c(93):     <!-- Flight #1 -->\n
Action.c(93):     <TR bgcolor=#EFF2F7>\n
Action.c(93):       <TD width=5% rowspan=2 align=left valign=top>\n
Action.c(93):     <b>\n
Action.c(93):     <label><input type="checkbox" name="31" value="on" /></label></font></b>\n
Action.c(93):     <input type="hidden" name="flightID" value="0-23887-nl"  />\n
Action.c(93):       </TD>\n
Action.c(93):       <TD width=45% valign=top>\n
Action.c(93):           <b>&nbsp;&nbsp;A First class ticket for :</b><br>\n
Action.c(93):           <center><table border=0 width=85%><tr><td>\n
Action.c(93):           <li><i>lastname5 name5\n
Action.c(93):           <li><i></i>\n
Action.c(93):           </td></tr></table></center>\n
Action.c(93):       </TD>\n
Action.c(93):       <TD width=5% >.<br>.<br>.<br>.</TD>\n
Action.c(93):       <TD width=45% valign=top><b>Invoice sent to:</b><br>\n
Action.c(93):           <center>\n
Action.c(93):           <Table width=80% cellspacing=0 > <tr> <td>\n
Action.c(93):               name5 lastname5\n
Action.c(93):     <br>\n
Action.c(93):               street5<br>\n
Action.c(93):               city5<br>\n
Action.c(93):               <br>\n
Action.c(93):               Total Charge: $ 534 <BR> (CC: x-ard5)\n
Action.c(93):           </td> </tr> </table>\n
Action.c(93):           </center>\n
Action.c(93):       </TD>\n
Action.c(93):     </TR>\n
Action.c(93):     <TR bgcolor=#EFF2F7>\n
Action.c(93):       <TD COLSPAN=3>\n
Action.c(93):       <b>Flight Details:</b><BR>  <center>\n
Action.c(93):       02/16/2024\n
Action.c(93):      :  1pm : Flight 151 leaves Frankfurt  for Portland.<br>  </center>\n
Action.c(93):       </TD>\n
Action.c(93):     </TR>\n
Action.c(93):     \n
Action.c(93):     <TR bgcolor=#EFF2F7>\n
Action.c(93):       <TD COLSPAN=4>\n
Action.c(93):       <hr>\n
Action.c(93):       </TD>\n
Action.c(93):     </TR>\n
Action.c(93):     \n
Action.c(93):     <!-- Flight #1 -->\n
Action.c(93):     <TR bgcolor=#EFF2F7>\n
Action.c(93):       <TD width=5% rowspan=2 align=left valign=top>\n
Action.c(93):     <b>\n
Action.c(93):     <label><input type="checkbox" name="32" value="on" /></label></font></b>\n
Action.c(93):     <input type="hidden" name="flightID" value="0-24639-nl"  />\n
Action.c(93):       </TD>\n
Action.c(93):       <TD width=45% valign=top>\n
Action.c(93):           <b>&nbsp;&nbsp;A First class ticket for :</b><br>\n
Action.c(93):           <center><table border=0 width=85%><tr><td>\n
Action.c(93):           <li><i>lastname5 name5\n
Action.c(93):           <li><i></i>\n
Action.c(93):           </td></tr></table></center>\n
Action.c(93):       </TD>\n
Action.c(93):       <TD width=5% >.<br>.<br>.<br>.</TD>\n
Action.c(93):       <TD width=45% valign=top><b>Invoice sent to:</b><br>\n
Action.c(93):           <center>\n
Action.c(93):           <Table width=80% cellspacing=0 > <tr> <td>\n
Action.c(93):               name5 lastname5\n
Action.c(93):     <br>\n
Action.c(93):               street5<br>\n
Action.c(93):               city5<br>\n
Action.c(93):               <br>\n
Action.c(93):               Total Charge: $ 310 <BR> (CC: x-ard5)\n
Action.c(93):           </td> </tr> </table>\n
Action.c(93):           </center>\n
Action.c(93):       </TD>\n
Action.c(93):     </TR>\n
Action.c(93):     <TR bgcolor=#EFF2F7>\n
Action.c(93):       <TD COLSPAN=3>\n
Action.c(93):       <b>Flight Details:</b><BR>  <center>\n
Action.c(93):       02/16/2024\n
Action.c(93):      :  5pm : Flight 732 leaves Seattle  for Los Angeles.<br>  </center>\n
Action.c(93):       </TD>\n
Action.c(93):     </TR>\n
Action.c(93):     \n
Action.c(93):     <TR bgcolor=#EFF2F7>\n
Action.c(93):       <TD COLSPAN=4>\n
Action.c(93):       <hr>\n
Action.c(93):       </TD>\n
Action.c(93):     </TR>\n
Action.c(93):     \n
Action.c(93):     <!-- Flight #1 -->\n
Action.c(93):     <TR bgcolor=#EFF2F7>\n
Action.c(93):       <TD width=5% rowspan=2 align=left valign=top>\n
Action.c(93):     <b>\n
Action.c(93):     <label><input type="checkbox" name="33" value="on" /></label></font></b>\n
Action.c(93):     <input type="hidden" name="flightID" value="0-25396-nl"  />\n
Action.c(93):       </TD>\n
Action.c(93):       <TD width=45% valign=top>\n
Action.c(93):           <b>&nbsp;&nbsp;A Coach class ticket for :</b><br>\n
Action.c(93):           <center><table border=0 width=85%><tr><td>\n
Action.c(93):           <li><i>lastname5 name5\n
Action.c(93):           <li><i></i>\n
Action.c(93):           </td></tr></table></center>\n
Action.c(93):       </TD>\n
Action.c(93):       <TD width=5% >.<br>.<br>.<br>.</TD>\n
Action.c(93):       <TD width=45% valign=top><b>Invoice sent to:</b><br>\n
Action.c(93):           <center>\n
Action.c(93):           <Table width=80% cellspacing=0 > <tr> <td>\n
Action.c(93):               name5 lastname5\n
Action.c(93):     <br>\n
Action.c(93):               street5<br>\n
Action.c(93):               city5<br>\n
Action.c(93):               <br>\n
Action.c(93):               Total Charge: $ 155 <BR> (CC: x-ard5)\n
Action.c(93):           </td> </tr> </table>\n
Action.c(93):           </center>\n
Action.c(93):       </TD>\n
Action.c(93):     </TR>\n
Action.c(93):     <TR bgcolor=#EFF2F7>\n
Action.c(93):       <TD COLSPAN=3>\n
Action.c(93):       <b>Flight Details:</b><BR>  <center>\n
Action.c(93):       02/16/2024\n
Action.c(93):      :  1pm : Flight 371 leaves Los Angeles  for Seattle.<br>  </center>\n
Action.c(93):       </TD>\n
Action.c(93):     </TR>\n
Action.c(93):     \n
Action.c(93):     <TR bgcolor=#EFF2F7>\n
Action.c(93):       <TD COLSPAN=4>\n
Action.c(93):       <hr>\n
Action.c(93):       </TD>\n
Action.c(93):     </TR>\n
Action.c(93):     \n
Action.c(93):     <!-- Flight #1 -->\n
Action.c(93):     <TR bgcolor=#EFF2F7>\n
Action.c(93):       <TD width=5% rowspan=2 align=left valign=top>\n
Action.c(93):     <b>\n
Action.c(93):     <label><input type="checkbox" name="34" value="on" /></label></font></b>\n
Action.c(93):     <input type="hidden" name="flightID" value="0-26202-nl"  />\n
Action.c(93):       </TD>\n
Action.c(93):       <TD width=45% valign=top>\n
Action.c(93):           <b>&nbsp;&nbsp;A First class ticket for :</b><br>\n
Action.c(93):           <center><table border=0 width=85%><tr><td>\n
Action.c(93):           <li><i>lastname5 name5\n
Action.c(93):           <li><i></i>\n
Action.c(93):           </td></tr></table></center>\n
Action.c(93):       </TD>\n
Action.c(93):       <TD width=5% >.<br>.<br>.<br>.</TD>\n
Action.c(93):       <TD width=45% valign=top><b>Invoice sent to:</b><br>\n
Action.c(93):           <center>\n
Action.c(93):           <Table width=80% cellspacing=0 > <tr> <td>\n
Action.c(93):               name5 lastname5\n
Action.c(93):     <br>\n
Action.c(93):               street5<br>\n
Action.c(93):               city5<br>\n
Action.c(93):               <br>\n
Action.c(93):               Total Charge: $ 628 <BR> (CC: x-ard5)\n
Action.c(93):           </td> </tr> </table>\n
Action.c(93):           </center>\n
Action.c(93):       </TD>\n
Action.c(93):     </TR>\n
Action.c(93):     <TR bgcolor=#EFF2F7>\n
Action.c(93):       <TD COLSPAN=3>\n
Action.c(93):       <b>Flight Details:</b><BR>  <center>\n
Action.c(93):       02/16/2024\n
Action.c(93):      :  1pm : Flight 691 leaves San Francisco  for Zurich.<br>  </center>\n
Action.c(93):       </TD>\n
Action.c(93):     </TR>\n
Action.c(93):     \n
Action.c(93):     <TR bgcolor=#EFF2F7>\n
Action.c(93):       <TD COLSPAN=4>\n
Action.c(93):       <hr>\n
Action.c(93):       </TD>\n
Action.c(93):     </TR>\n
Action.c(93):     \n
Action.c(93):     <!-- Flight #1 -->\n
Action.c(93):     <TR bgcolor=#EFF2F7>\n
Action.c(93):       <TD width=5% rowspan=2 align=left valign=top>\n
Action.c(93):     <b>\n
Action.c(93):     <label><input type="checkbox" name="35" value="on" /></label></font></b>\n
Action.c(93):     <input type="hidden" name="flightID" value="0-26959-nl"  />\n
Action.c(93):       </TD>\n
Action.c(93):       <TD width=45% valign=top>\n
Action.c(93):           <b>&nbsp;&nbsp;A First class ticket for :</b><br>\n
Action.c(93):           <center><table border=0
Action.c(93): t=3918346ms: 12287-byte response body for "http://127.0.0.1:8090/WebTours/itinerary.pl" (RelFrameId=1.2, Internal ID=3381)
Action.c(93):      width=85%><tr><td>\n
Action.c(93):           <li><i>lastname5 name5\n
Action.c(93):           <li><i></i>\n
Action.c(93):           </td></tr></table></center>\n
Action.c(93):       </TD>\n
Action.c(93):       <TD width=5% >.<br>.<br>.<br>.</TD>\n
Action.c(93):       <TD width=45% valign=top><b>Invoice sent to:</b><br>\n
Action.c(93):           <center>\n
Action.c(93):           <Table width=80% cellspacing=0 > <tr> <td>\n
Action.c(93):               name5 lastname5\n
Action.c(93):     <br>\n
Action.c(93):               street5<br>\n
Action.c(93):               city5<br>\n
Action.c(93):               <br>\n
Action.c(93):               Total Charge: $ 471 <BR> (CC: x-ard5)\n
Action.c(93):           </td> </tr> </table>\n
Action.c(93):           </center>\n
Action.c(93):       </TD>\n
Action.c(93):     </TR>\n
Action.c(93):     <TR bgcolor=#EFF2F7>\n
Action.c(93):       <TD COLSPAN=3>\n
Action.c(93):       <b>Flight Details:</b><BR>  <center>\n
Action.c(93):       02/16/2024\n
Action.c(93):      :  5pm : Flight 122 leaves Frankfurt  for London.<br>  </center>\n
Action.c(93):       </TD>\n
Action.c(93):     </TR>\n
Action.c(93):     \n
Action.c(93):     <TR bgcolor=#EFF2F7>\n
Action.c(93):       <TD COLSPAN=4>\n
Action.c(93):       <hr>\n
Action.c(93):       </TD>\n
Action.c(93):     </TR>\n
Action.c(93):     \n
Action.c(93):     <!-- Flight #1 -->\n
Action.c(93):     <TR bgcolor=#EFF2F7>\n
Action.c(93):       <TD width=5% rowspan=2 align=left valign=top>\n
Action.c(93):     <b>\n
Action.c(93):     <label><input type="checkbox" name="36" value="on" /></label></font></b>\n
Action.c(93):     <input type="hidden" name="flightID" value="0-2775-nl"  />\n
Action.c(93):       </TD>\n
Action.c(93):       <TD width=45% valign=top>\n
Action.c(93):           <b>&nbsp;&nbsp;A Coach class ticket for :</b><br>\n
Action.c(93):           <center><table border=0 width=85%><tr><td>\n
Action.c(93):           <li><i>lastname5 name5\n
Action.c(93):           <li><i></i>\n
Action.c(93):           </td></tr></table></center>\n
Action.c(93):       </TD>\n
Action.c(93):       <TD width=5% >.<br>.<br>.<br>.</TD>\n
Action.c(93):       <TD width=45% valign=top><b>Invoice sent to:</b><br>\n
Action.c(93):           <center>\n
Action.c(93):           <Table width=80% cellspacing=0 > <tr> <td>\n
Action.c(93):               name5 lastname5\n
Action.c(93):     <br>\n
Action.c(93):               street5<br>\n
Action.c(93):               city5<br>\n
Action.c(93):               <br>\n
Action.c(93):               Total Charge: $ 75 <BR> (CC: x-ard5)\n
Action.c(93):           </td> </tr> </table>\n
Action.c(93):           </center>\n
Action.c(93):       </TD>\n
Action.c(93):     </TR>\n
Action.c(93):     <TR bgcolor=#EFF2F7>\n
Action.c(93):       <TD COLSPAN=3>\n
Action.c(93):       <b>Flight Details:</b><BR>  <center>\n
Action.c(93):       02/16/2024\n
Action.c(93):      :  8am : Flight 650 leaves San Francisco  for Portland.<br>  </center>\n
Action.c(93):       </TD>\n
Action.c(93):     </TR>\n
Action.c(93):     \n
Action.c(93):     <TR bgcolor=#EFF2F7>\n
Action.c(93):       <TD COLSPAN=4>\n
Action.c(93):       <hr>\n
Action.c(93):       </TD>\n
Action.c(93):     </TR>\n
Action.c(93):     \n
Action.c(93):     <!-- Flight #1 -->\n
Action.c(93):     <TR bgcolor=#EFF2F7>\n
Action.c(93):       <TD width=5% rowspan=2 align=left valign=top>\n
Action.c(93):     <b>\n
Action.c(93):     <label><input type="checkbox" name="37" value="on" /></label></font></b>\n
Action.c(93):     <input type="hidden" name="flightID" value="0-28487-nl"  />\n
Action.c(93):       </TD>\n
Action.c(93):       <TD width=45% valign=top>\n
Action.c(93):           <b>&nbsp;&nbsp;A Business class ticket for :</b><br>\n
Action.c(93):           <center><table border=0 width=85%><tr><td>\n
Action.c(93):           <li><i>lastname5 name5\n
Action.c(93):           <li><i></i>\n
Action.c(93):           </td></tr></table></center>\n
Action.c(93):       </TD>\n
Action.c(93):       <TD width=5% >.<br>.<br>.<br>.</TD>\n
Action.c(93):       <TD width=45% valign=top><b>Invoice sent to:</b><br>\n
Action.c(93):           <center>\n
Action.c(93):           <Table width=80% cellspacing=0 > <tr> <td>\n
Action.c(93):               name5 lastname5\n
Action.c(93):     <br>\n
Action.c(93):               street5<br>\n
Action.c(93):               city5<br>\n
Action.c(93):               <br>\n
Action.c(93):               Total Charge: $ 343 <BR> (CC: x-ard5)\n
Action.c(93):           </td> </tr> </table>\n
Action.c(93):           </center>\n
Action.c(93):       </TD>\n
Action.c(93):     </TR>\n
Action.c(93):     <TR bgcolor=#EFF2F7>\n
Action.c(93):       <TD COLSPAN=3>\n
Action.c(93):       <b>Flight Details:</b><BR>  <center>\n
Action.c(93):       02/16/2024\n
Action.c(93):      :  1pm : Flight 121 leaves Frankfurt  for London.<br>  </center>\n
Action.c(93):       </TD>\n
Action.c(93):     </TR>\n
Action.c(93):     \n
Action.c(93):     <TR bgcolor=#EFF2F7>\n
Action.c(93):       <TD COLSPAN=4>\n
Action.c(93):       <hr>\n
Action.c(93):       </TD>\n
Action.c(93):     </TR>\n
Action.c(93):     \n
Action.c(93):     <!-- Flight #1 -->\n
Action.c(93):     <TR bgcolor=#EFF2F7>\n
Action.c(93):       <TD width=5% rowspan=2 align=left valign=top>\n
Action.c(93):     <b>\n
Action.c(93):     <label><input type="checkbox" name="38" value="on" /></label></font></b>\n
Action.c(93):     <input type="hidden" name="flightID" value="0-292392-nl"  />\n
Action.c(93):       </TD>\n
Action.c(93):       <TD width=45% valign=top>\n
Action.c(93):           <b>&nbsp;&nbsp;A First class ticket for :</b><br>\n
Action.c(93):           <center><table border=0 width=85%><tr><td>\n
Action.c(93):           <li><i>lastname5 name5\n
Action.c(93):           <li><i></i>\n
Action.c(93):           </td></tr></table></center>\n
Action.c(93):       </TD>\n
Action.c(93):       <TD width=5% >.<br>.<br>.<br>.</TD>\n
Action.c(93):       <TD width=45% valign=top><b>Invoice sent to:</b><br>\n
Action.c(93):           <center>\n
Action.c(93):           <Table width=80% cellspacing=0 > <tr> <td>\n
Action.c(93):               name5 lastname5\n
Action.c(93):     <br>\n
Action.c(93):               street5<br>\n
Action.c(93):               city5<br>\n
Action.c(93):               <br>\n
Action.c(93):               Total Charge: $ 1099 <BR> (CC: x-ard5)\n
Action.c(93):           </td> </tr> </table>\n
Action.c(93):           </center>\n
Action.c(93):       </TD>\n
Action.c(93):     </TR>\n
Action.c(93):     <TR bgcolor=#EFF2F7>\n
Action.c(93):       <TD COLSPAN=3>\n
Action.c(93):       <b>Flight Details:</b><BR>  <center>\n
Action.c(93):       02/16/2024\n
Action.c(93):      :  8am : Flight 260 leaves London  for San Francisco.<br>  </center>\n
Action.c(93):       </TD>\n
Action.c(93):     </TR>\n
Action.c(93):     \n
Action.c(93):     <TR bgcolor=#EFF2F7>\n
Action.c(93):       <TD COLSPAN=4>\n
Action.c(93):       <hr>\n
Action.c(93):       </TD>\n
Action.c(93):     </TR>\n
Action.c(93):     \n
Action.c(93):     <!-- Flight #1 -->\n
Action.c(93):     <TR bgcolor=#EFF2F7>\n
Action.c(93):       <TD width=5% rowspan=2 align=left valign=top>\n
Action.c(93):     <b>\n
Action.c(93):     <label><input type="checkbox" name="39" value="on" /></label></font></b>\n
Action.c(93):     <input type="hidden" name="flightID" value="0-30029-nl"  />\n
Action.c(93):       </TD>\n
Action.c(93):       <TD width=45% valign=top>\n
Action.c(93):           <b>&nbsp;&nbsp;A Business class ticket for :</b><br>\n
Action.c(93):           <center><table border=0 width=85%><tr><td>\n
Action.c(93):           <li><i>lastname5 name5\n
Action.c(93):           <li><i></i>\n
Action.c(93):           </td></tr></table></center>\n
Action.c(93):       </TD>\n
Action.c(93):       <TD width=5% >.<br>.<br>.<br>.</TD>\n
Action.c(93):       <TD width=45% valign=top><b>Invoice sent to:</b><br>\n
Action.c(93):           <center>\n
Action.c(93):           <Table width=80% cellspacing=0 > <tr> <td>\n
Action.c(93):               name5 lastname5\n
Action.c(93):     <br>\n
Action.c(93):               street5<br>\n
Action.c(93):               city5<br>\n
Action.c(93):               <br>\n
Action.c(93):               Total Charge: $ 379 <BR> (CC: x-ard5)\n
Action.c(93):           </td> </tr> </table>\n
Action.c(93):           </center>\n
Action.c(93):       </TD>\n
Action.c(93):     </TR>\n
Action.c(93):     <TR bgcolor=#EFF2F7>\n
Action.c(93):       <TD COLSPAN=3>\n
Action.c(93):       <b>Flight Details:</b><BR>  <center>\n
Action.c(93):       02/16/2024\n
Action.c(93):      :  11pm : Flight 513 leaves Portland  for Frankfurt.<br>  </center>\n
Action.c(93):       </TD>\n
Action.c(93):     </TR>\n
Action.c(93):     \n
Action.c(93):     <TR bgcolor=#EFF2F7>\n
Action.c(93):       <TD COLSPAN=4>\n
Action.c(93):       <hr>\n
Action.c(93):       </TD>\n
Action.c(93):     </TR>\n
Action.c(93):     \n
Action.c(93):     <!-- Flight #1 -->\n
Action.c(93):     <TR bgcolor=#EFF2F7>\n
Action.c(93):       <TD width=5% rowspan=2 align=left valign=top>\n
Action.c(93):     <b>\n
Action.c(93):     <label><input type="checkbox" name="40" value="on" /></label></font></b>\n
Action.c(93):     <input type="hidden" name="flightID" value="0-30803-nl"  />\n
Action.c(93):       </TD>\n
Action.c(93):       <TD width=45% valign=top>\n
Action.c(93):           <b>&nbsp;&nbsp;A Coach class ticket for :</b><br>\n
Action.c(93):           <center><table border=0 width=85%><tr><td>\n
Action.c(93):           <li><i>lastname5 name5\n
Action.c(93):           <li><i></i>\n
Action.c(93):           </td></tr></table></center>\n
Action.c(93):       </TD>\n
Action.c(93):       <TD width=5% >.<br>.<br>.<br>.</TD>\n
Action.c(93):       <TD width=45% valign=top><b>Invoice sent to:</b><br>\n
Action.c(93):           <center>\n
Action.c(93):           <Table width=80% cellspacing=0 > <tr> <td>\n
Action.c(93):               name5 lastname5\n
Action.c(93):     <br>\n
Action.c(93):               street5<br>\n
Action.c(93):               city5<br>\n
Action.c(93):               <br>\n
Action.c(93):               Total Charge: $ 447 <BR> (CC: x-ard5)\n
Action.c(93):           </td> </tr> </table>\n
Action.c(93):           </center>\n
Action.c(93):       </TD>\n
Action.c(93):     </TR>\n
Action.c(93):     <TR bgcolor=#EFF2F7>\n
Action.c(93):       <TD COLSPAN=3>\n
Action.c(93):       <b>Flight Details:</b><BR>  <center>\n
Action.c(93):       02/16/2024\n
Action.c(93):      :  8am : Flight 790 leaves Seattle  for Zurich.<br>  </center>\n
Action.c(93):       </TD>\n
Action.c(93):     </TR>\n
Action.c(93):     \n
Action.c(93):     <TR bgcolor=#EFF2F7>\n
Action.c(93):       <TD COLSPAN=4>\n
Action.c(93):       <hr>\n
Action.c(93):       </TD>\n
Action.c(93):     </TR>\n
Action.c(93):     \n
Action.c(93):     <!-- Flight #1 -->\n
Action.c(93):     <TR bgcolor=#EFF2F7>\n
Action.c(93):       <TD width=5% rowspan=2 align=left valign=top>\n
Action.c(93):     <b>\n
Action.c(93):     <label><input type="checkbox" name="41" value="on" /></label></font></b>\n
Action.c(93):     <input type="hidden" name="flightID" value="0-31595-nl"  />\n
Action.c(93):       </TD>\n
Action.c(93):       <TD width=45% valign=top>\n
Action.c(93):           <b>&nbsp;&nbsp;A Business class ticket for :</b><br>\n
Action.c(93):           <center><table border=0 width=85%><tr><td>\n
Action.c(93):           <li><i>lastname5 name5\n
Action.c(93):           <li><i></i>\n
Action.c(93):           </td></tr></table></center>\n
Action.c(93):       </TD>\n
Action.c(93):       <TD width=5% >.<br>.<br>.<br>.</TD>\n
Action.c(93):       <TD width=45% valign=top><b>Invoice sent to:</b><br>\n
Action.c(93):           <center>\n
Action.c(93):           <Table width=80% cellspacing=0 > <tr> <td>\n
Action.c(93):               name5 lastname5\n
Action.c(93):     <br>\n
Action.c(93):               street5<br>\n
Action.c(93):               city5<br>\n
Action.c(93):               <br>\n
Action.c(93):               Total Charge: $ 737 <BR> (CC: x-ard5)\n
Action.c(93):           </td> </tr> </table>\n
Action.c(93):           </center>\n
Action.c(93):       </TD>\n
Action.c(93):     </TR>\n
Action.c(93):     <TR bgcolor=#EFF2F7>\n
Action.c(93):       <TD COLSPAN=3>\n
Action.c(93):       <b>Flight Details:</b><BR>  <center>\n
Action.c(93):       02/16/2024\n
Action.c(93):      :  11pm : Flight 453 leaves Paris  for Portland.<br>  </center>\n
Action.c(93):       </TD>\n
Action.c(93):     </TR>\n
Action.c(93):     \n
Action.c(93):     <TR bgcolor=#EFF2F7>\n
Action.c(93):       <TD COLSPAN=4>\n
Action.c(93):       <hr>\n
Action.c(93):       </TD>\n
Action.c(93):     </TR>\n
Action.c(93):     \n
Action.c(93):     <!-- Flight #1 -->\n
Action.c(93):     <TR bgcolor=#EFF2F7>\n
Action.c(93):       <TD width=5% rowspan=2 align=left valign=top>\n
Action.c(93):     <b>\n
Action.c(93):     <label><input type="checkbox" name="42" value="on" /></label></font></b>\n
Action.c(93):     <input type="hidden" name="flightID" value="0-3236-nl"  />\n
Action.c(93):       </TD>\n
Action.c(93):       <TD width=45% valign=top>\n
Action.c(93):           <b>&nbsp;&nbsp;A Coach class ticket for :</b><br>\n
Action.c(93):           <center><table border=0 width=85%><tr><td>\n
Action.c(93):           <li><i>lastname5 name5\n
Action.c(93):           <li><i></i>\n
Action.c(93):           </td></tr></table></center>\n
Action.c(93):       </TD>\n
Action.c(93):       <TD width=5% >.<br>.<br>.<br>.</TD>\n
Action.c(93):       <TD width=45% valign=top><b>Invoice sent to:</b><br>\n
Action.c(93):           <center>\n
Action.c(93):           <Table width=80% cellspacing=0 > <tr> <td>\n
Action.c(93):               name5 lastname5\n
Action.c(93):     <br>\n
Action.c(93):               street5<br>\n
Action.c(93):               city5<br>\n
Action.c(93):               <br>\n
Action.c(93):               Total Charge: $ 75 <BR> (CC: x-ard5)\n
Action.c(93):           </td> </tr> </table>\n
Action.c(93):           </center>\n
Action.c(93):       </TD>\n
Action.c(93):     </TR>\n
Action.c(93):     <TR bgcolor=#EFF2F7>\n
Action.c(93):       <TD COLSPAN=3>\n
Action.c(93):       <b>Flight Details:</b><BR>  <center>\n
Action.c(93):       02/16/2024\n
Action.c(93):      :  8am : Flight 650 leaves San Francisco  for Portland.<br>  </center>\n
Action.c(93):       </TD>\n
Action.c(93):     </TR>\n
Action.c(93):     \n
Action.c(93):     <TR bgcolor=#EFF2F7>\n
Action.c(93):       <TD COLSPAN=4>\n
Action.c(93):       <hr>\n
Action.c(93):       </TD>\n
Action.c(93):     </TR>\n
Action.c(93):     \n
Action.c(93):     <!-- Flight #1 -->\n
Action.c(93):     <TR bgcolor=#EFF2F7>\n
Action.c(93):       <TD width=5% rowspan=2 align=left valign=top>\n
Action.c(93):     <b>\n
Action.c(93):     <label><input type="checkbox" name="43" value="on" /></label></font></b>\n
Action.c(93):     <input type="hidden" name="flightID" value="0-33120-nl"  />\n
Action.c(93):       </TD>\n
Action.c(93):       <TD width=45% valign=top>\n
Action.c(93):           <b>&nbsp;&nbsp;A Coach class ticket for :</b><br>\n
Action.c(93):           <center><table border=0 width=85%><tr><td>\n
Action.c(93):           <li><i>lastname5 name5\n
Action.c(93):           <li><i></i>\n
Action.c(93):           </td></tr></table></center>\n
Action.c(93):       </TD>\n
Action.c(93):       <TD width=5% >.<br>.<br>.<br>.</TD>\n
Action.c(93):       <TD width=45% valign=top><b>Invoice sent to:</b><br>\n
Action.c(93):           <center>\n
Action.c(93):           <Table width=80% cellspacing=0 > <tr> <td>\n
Action.c(93):               name5 lastname5\n
Action.c(93):     <br>\n
Action.c(93):               street5<br>\n
Action.c(93):               city5<br>\n
Action.c(93):               <br>\n
Action.c(93):               Total Charge: $ 565 <BR> (CC: x-ard5)\n
Action.c(93):           </td> </tr> </table>\n
Action.c(93):           </center>\n
Action.c(93):       </TD>\n
Action.c(93):     </TR>\n
Action.c(93):     <TR bgcolor=#EFF2F7>\n
Action.c(93):       <TD COLSPAN=3>\n
Action.c(93):       <b>Flight Details:</b><BR>  <center>\n
Action.c(93):       02/16/2024\n
Action.c(93):      :  5pm : Flight 472 leaves Paris  for Seattle.<br>  </center>\n
Action.c(93):       </TD>\n
Action.c(93):     </TR>\n
Action.c(93):     \n
Action.c(93):     <TR bgcolor=#EFF2F7>\n
Action.c(93):       <TD COLSPAN=4>\n
Action.c(93):       <hr>\n
Action.c(93):       </TD>\n
Action.c(93):     </TR>\n
Action.c(93):     \n
Action.c(93):     <!-- Flight #1 -->\n
Action.c(93):     <TR bgcolor=#EFF2F7>\n
Action.c(93):       <TD width=5% rowspan=2 align=left valign=top>\n
Action.c(93):     <b>\n
Action.c(93):     <label><input type="checkbox" name="44" value="on" /></label></font></b>\n
Action.c(93):     <input type="hidden" name="flightID" value="0-33896-nl"  />\n
Action.c(93):       </TD>\n
Action.c(93):       <TD width=45% valign=top>\n
Action.c(93):           <b>&nbsp;&nbsp;A Coach class ticket for :</b><br>\n
Action.c(93):           <center><table border=0 width=85%><tr><td>\n
Action.c(93):           <li><i>lastname5 name5\n
Action.c(93):           <li><i></i>\n
Action.c(93):           </td></tr></table></center>\n
Action.c(93):       </TD>\n
Action.c(93):       <TD width=5% >.<br>.<br>.<br>.</TD>\n
Action.c(93):       <TD width=45% valign=top><b>Invoice sent to:</b><br>\n
Action.c(93):           <center>\n
Action.c(93):           <Table width=80% cellspacing=0 > <tr> <td>\n
Action.c(93):               name5 lastname5\n
Action.c(93):     <br>\n
Action.c(93):               street5<br>\n
Action.c(93):               city5<br>\n
Action.c(93):               <br>\n
Action.c(93):               Total Charge: $ 658 <BR> (CC: x-ard5)\n
Action.c(93):           </td> </tr> </table>\n
Action.c(93):           </center>\n
Action.c(93):       </TD>\n
Action.c(93):     </TR>\n
Action.c(93):     <TR bgcolor=#EFF2F7>\n
Action.c(93):       <TD COLSPAN=3>\n
Action.c(93):       <b>Flight Details:</b><BR>  <center>\n
Action.c(93):       02/16/2024\n
Action.c(93):      :  11pm : Flight 583 leaves Portland  for Sydney.<br>  </center>\n
Action.c(93):       </TD>\n
Action.c(93):     </TR>\n
Action.c(93):     \n
Action.c(93):     <TR bgcolor=#EFF2F7>\n
Action.c(93):       <TD COLSPAN=4>\n
Action.c(93):       <hr>\n
Action.c(93):       </TD>\n
Action.c(93):     </TR>\n
Action.c(93):     \n
Action.c(93):     <!-- Flight #1 -->\n
Action.c(93):     <TR bgcolor=#EFF2F7>\n
Action.c(93):       <TD width=5% rowspan=2 align=left valign=top>\n
Action.c(93):     <b>\n
Action.c(93):     <label><input type="checkbox" name="45" value="on" /></label></font></b>\n
Action.c(93):     <input type="hidden" name="flightID" value="0-34628-nl"  />\n
Action.c(93):       </TD>\n
Action.c(93):       <TD width=45% valign=top>\n
Action.c(93):           <b>&nbsp;&nbsp;A Coach class ticket for :</b><br>\n
Action.c(93):           <center><table border=0 width=85%><tr><td>\n
Action.c(93):           <li><i>lastname5 name5\n
Action.c(93):           <li><i></i>\n
Action.c(93):           </td></tr></table></center>\n
Action.c(93):       </TD>\n
Action.c(93):       <TD width=5% >.<br>.<br>.<br>.</TD>\n
Action.c(93):       <TD width=45% valign=top><b>Invoice sent to:</b><br>\n
Action.c(93):           <center>\n
Action.c(93):           <Table width=80% cellspacing=0 > <tr> <td>\n
Action.c(93):               name5 lastname5\n
Action.c(93):     <br>\n
Action.c(93):               street5<br>\n
Action.c(93):               city5<br>\n
Action.c(93):               <br>\n
Action.c(93):               Total Charge: $ 176 <BR> (CC: x-ard5)\n
Action.c(93):           </td> </tr> </table>\n
Action.c(93):           </center>\n
Action.c(93):       </TD>\n
Action.c(93):     </TR>\n
Action.c(93):     <TR bgcolor=#EFF2F7>\n
Action.c(93):       <TD COLSPAN=3>\n
Action.c(93):       <b>Flight Details:</b><BR>  <center>\n
Action.c(93):       02/16/2024\n
Action.c(93):      :  1pm : Flight 191 leaves Frankfurt  for Zurich.<br>  </center>\n
Action.c(93):       </TD>\n
Action.c(93):     </TR>\n
Action.c(93):     \n
Action.c(93):     <TR bgcolor=#EFF2F7>\n
Action.c(93):       <TD COLSPAN=4>\n
Action.c(93):       <hr>\n
Action.c(93):       </TD>\n
Action.c(93):     </TR>\n
Action.c(93):     <TR>\n
Action.c(93):        <TD align=center COLSPAN=4>\n
Action.c(93):        <b>A total of 45 scheduled flights.</font></b>\n
Action.c(93):        </TD>\n
Action.c(93):     </TR>\n
Action.c(93):     </TABLE>\n
Action.c(93):     \n
Action.c(93):     <TABLE WIDTH=87% BORDER=0 CELLSPACING=0>\n
Action.c(93):     <TR>\n
Action.c(93):     <TD align=left width=50% >\n
Action.c(93):     <input type="image" name="removeFlights" src="/WebTours/images/cancelreservation.gif" bord
Action.c(93):     er="0" /></TD>\n
Action.c(93):     <TD align=right width=50% >\n
Action.c(93):     <input type="image" name="removeAllFlights" src="/WebTours/images/cancelallreservations.gi
Action.c(93):     f" border="0" /></TD>\n
Action.c(93):     </TABLE>\n
Action.c(93):     \n
Action.c(93):     <div><input type="hidden" name=".cgifields" value="33"  /><input type="hidden" name=".cgif
Action.c(93):     ields" value="32"  /><input type="hidden" name=".cgifields" value="21"  /><input type="hid
Action.c(93):     den" name=".cgifields" value="7"  /><input type="hidden" name=".cgifields" value="26"  /><
Action.c(93):     input type="hidden" name=".cgifields" value="17"  /><input type="hidden" name=".cgifields"
Action.c(93):      value="2"  /><input type="hidden" name=".cgifields" value="1"  /><input type="hidden" nam
Action.c(93):     e=".cgifields" value="18"  /><input type="hidden" name=".cgifields" value="30"  /><input t
Action.c(93):     ype="hidden" name=".cgifields" value="16"  /><input type="hidden" name=".cgifields" value=
Action.c(93):     "44"  /><input type="hidden" name=".cgifields" value="27"  /><input type="hidden" name=".c
Action.c(93):     gifields" value="25"  /><input type="hidden" name=".cgifiel
Action.c(93): Found resource "http://127.0.0.1:8090/WebTours/images/cancelreservation.gif" in HTML "http://127.0.0.1:8090/WebTours/itinerary.pl"  	[MsgId: MMSG-26659]
Action.c(93): Found resource "http://127.0.0.1:8090/WebTours/images/cancelallreservations.gif" in HTML "http://127.0.0.1:8090/WebTours/itinerary.pl"  	[MsgId: MMSG-26659]
Action.c(93): t=3918352ms: 1643-byte response body for "http://127.0.0.1:8090/WebTours/itinerary.pl" (RelFrameId=1.2, Internal ID=3381)
Action.c(93):     ds" value="28"  /><input type="hidden" name=".cgifields" value="40"  /><input type="hidden
Action.c(93):     " name=".cgifields" value="20"  /><input type="hidden" name=".cgifields" value="14"  /><in
Action.c(93):     put type="hidden" name=".cgifields" value="24"  /><input type="hidden" name=".cgifields" v
Action.c(93):     alue="10"  /><input type="hidden" name=".cgifields" value="31"  /><input type="hidden" nam
Action.c(93):     e=".cgifields" value="35"  /><input type="hidden" name=".cgifields" value="11"  /><input t
Action.c(93):     ype="hidden" name=".cgifields" value="42"  /><input type="hidden" name=".cgifields" value=
Action.c(93):     "22"  /><input type="hidden" name=".cgifields" value="13"  /><input type="hidden" name=".c
Action.c(93):     gifields" value="23"  /><input type="hidden" name=".cgifields" value="29"  /><input type="
Action.c(93):     hidden" name=".cgifields" value="6"  /><input type="hidden" name=".cgifields" value="39"  
Action.c(93):     /><input type="hidden" name=".cgifields" value="36"  /><input type="hidden" name=".cgifiel
Action.c(93):     ds" value="3"  /><input type="hidden" name=".cgifields" value="9"  /><input type="hidden" 
Action.c(93):     name=".cgifields" value="41"  /><input type="hidden" name=".cgifields" value="12"  /><inpu
Action.c(93):     t type="hidden" name=".cgifields" value="15"  /><input type="hidden" name=".cgifields" val
Action.c(93):     ue="38"  /><input type="hidden" name=".cgifields" value="8"  /><input type="hidden" name="
Action.c(93):     .cgifields" value="4"  /><input type="hidden" name=".cgifields" value="34"  /><input type=
Action.c(93):     "hidden" name=".cgifields" value="45"  /><input type="hidden" name=".cgifields" value="37"
Action.c(93):       /><input type="hidden" name=".cgifields" value="43"  /><input type="hidden" name=".cgifi
Action.c(93):     elds" value="19"  /><input type="hidden" name=".cgifields" value="5"  /></div></form>\n
Action.c(93):     \n
Action.c(93):     </center>\n
Action.c(93):     \n
Action.c(93):     </body>\n
Action.c(93):     </html>
Action.c(93): t=3918353ms: Request done "http://127.0.0.1:8090/WebTours/itinerary.pl"  	[MsgId: MMSG-26000]
Action.c(93): t=3918353ms: Already connected [0] to 127.0.0.1:8090  	[MsgId: MMSG-26000]
Action.c(93): t=3918353ms: 582-byte request headers for "http://127.0.0.1:8090/WebTours/images/cancelreservation.gif" (RelFrameId=, Internal ID=3384)
Action.c(93):     GET /WebTours/images/cancelreservation.gif HTTP/1.1\r\n
Action.c(93):     Referer: http://127.0.0.1:8090/WebTours/itinerary.pl\r\n
Action.c(93):     Sec-Fetch-Dest: frame\r\n
Action.c(93):     Sec-Fetch-Mode: navigate\r\n
Action.c(93):     Sec-Fetch-Site: same-origin\r\n
Action.c(93):     Upgrade-Insecure-Requests: 1\r\n
Action.c(93):     User-Agent: Mozilla/5.0\r\n
Action.c(93):     Accept-Encoding: gzip, deflate\r\n
Action.c(93):     Accept-Language: ru-RU,en,*\r\n
Action.c(93):     Accept: */*\r\n
Action.c(93):     Connection: Keep-Alive\r\n
Action.c(93):     Host: 127.0.0.1:8090\r\n
Action.c(93):     Cookie: MSO=SID&1707908017&MSO_Comments&on&MSO_ServerErrorsProb&50&MSO_ServerLoadProb&50; 
Action.c(93):     MTUserInfo=firstName&name5&address2&city5&username&user5&hash&117&lastName&lastname5%0A&ad
Action.c(93):     dress1&street5&creditCard&&expDate&%0A\r\n
Action.c(93):     \r\n
Action.c(93): t=3918353ms: 164-byte response headers for "http://127.0.0.1:8090/WebTours/images/in_itinerary.gif" (RelFrameId=, Internal ID=3382)
Action.c(93):     HTTP/1.1 200 Ok\r\n
Action.c(93):     Server: Xitami\r\n
Action.c(93):     Date: Wed, 14 Feb 2024 10:53:48 GMT\r\n
Action.c(93):     Content-type: image/gif\r\n
Action.c(93):     Content-length: 733\r\n
Action.c(93):     Last-modified: Mon, 08 Feb 2010 11:51:43 GMT\r\n
Action.c(93):     \r\n
Action.c(93): t=3918353ms: 733-byte response body for "http://127.0.0.1:8090/WebTours/images/in_itinerary.gif" (RelFrameId=, Internal ID=3382)
Action.c(93): t=3918353ms: Request done "http://127.0.0.1:8090/WebTours/images/in_itinerary.gif"  	[MsgId: MMSG-26000]
Action.c(93): t=3918353ms: Already connected [1] to 127.0.0.1:8090  	[MsgId: MMSG-26000]
Action.c(93): t=3918353ms: 586-byte request headers for "http://127.0.0.1:8090/WebTours/images/cancelallreservations.gif" (RelFrameId=, Internal ID=3385)
Action.c(93):     GET /WebTours/images/cancelallreservations.gif HTTP/1.1\r\n
Action.c(93):     Referer: http://127.0.0.1:8090/WebTours/itinerary.pl\r\n
Action.c(93):     Sec-Fetch-Dest: frame\r\n
Action.c(93):     Sec-Fetch-Mode: navigate\r\n
Action.c(93):     Sec-Fetch-Site: same-origin\r\n
Action.c(93):     Upgrade-Insecure-Requests: 1\r\n
Action.c(93):     User-Agent: Mozilla/5.0\r\n
Action.c(93):     Accept-Encoding: gzip, deflate\r\n
Action.c(93):     Accept-Language: ru-RU,en,*\r\n
Action.c(93):     Accept: */*\r\n
Action.c(93):     Connection: Keep-Alive\r\n
Action.c(93):     Host: 127.0.0.1:8090\r\n
Action.c(93):     Cookie: MSO=SID&1707908017&MSO_Comments&on&MSO_ServerErrorsProb&50&MSO_ServerLoadProb&50; 
Action.c(93):     MTUserInfo=firstName&name5&address2&city5&username&user5&hash&117&lastName&lastname5%0A&ad
Action.c(93):     dress1&street5&creditCard&&expDate&%0A\r\n
Action.c(93):     \r\n
Action.c(93): t=3918354ms: 164-byte response headers for "http://127.0.0.1:8090/WebTours/images/cancelreservation.gif" (RelFrameId=, Internal ID=3384)
Action.c(93):     HTTP/1.1 200 Ok\r\n
Action.c(93):     Server: Xitami\r\n
Action.c(93):     Date: Wed, 14 Feb 2024 10:53:48 GMT\r\n
Action.c(93):     Content-type: image/gif\r\n
Action.c(93):     Content-length: 831\r\n
Action.c(93):     Last-modified: Mon, 08 Feb 2010 11:51:43 GMT\r\n
Action.c(93):     \r\n
Action.c(93): t=3918355ms: 164-byte response headers for "http://127.0.0.1:8090/WebTours/images/cancelallreservations.gif" (RelFrameId=, Internal ID=3385)
Action.c(93):     HTTP/1.1 200 Ok\r\n
Action.c(93):     Server: Xitami\r\n
Action.c(93):     Date: Wed, 14 Feb 2024 10:53:48 GMT\r\n
Action.c(93):     Content-type: image/gif\r\n
Action.c(93):     Content-length: 742\r\n
Action.c(93):     Last-modified: Mon, 08 Feb 2010 11:51:43 GMT\r\n
Action.c(93):     \r\n
Action.c(93): t=3918356ms: 742-byte response body for "http://127.0.0.1:8090/WebTours/images/cancelallreservations.gif" (RelFrameId=, Internal ID=3385)
Action.c(93): t=3918356ms: Request done "http://127.0.0.1:8090/WebTours/images/cancelallreservations.gif"  	[MsgId: MMSG-26000]
Action.c(93): t=3918356ms: Already connected [1] to 127.0.0.1:8090  	[MsgId: MMSG-26000]
Action.c(93): t=3918356ms: 586-byte request headers for "http://127.0.0.1:8090/WebTours/images/home.gif" (RelFrameId=, Internal ID=3383)
Action.c(93):     GET /WebTours/images/home.gif HTTP/1.1\r\n
Action.c(93):     Referer: http://127.0.0.1:8090/WebTours/nav.pl?page=menu&in=itinerary\r\n
Action.c(93):     Sec-Fetch-Dest: frame\r\n
Action.c(93):     Sec-Fetch-Mode: navigate\r\n
Action.c(93):     Sec-Fetch-Site: same-origin\r\n
Action.c(93):     Upgrade-Insecure-Requests: 1\r\n
Action.c(93):     User-Agent: Mozilla/5.0\r\n
Action.c(93):     Accept-Encoding: gzip, deflate\r\n
Action.c(93):     Accept-Language: ru-RU,en,*\r\n
Action.c(93):     Accept: */*\r\n
Action.c(93):     Connection: Keep-Alive\r\n
Action.c(93):     Host: 127.0.0.1:8090\r\n
Action.c(93):     Cookie: MSO=SID&1707908017&MSO_Comments&on&MSO_ServerErrorsProb&50&MSO_ServerLoadProb&50; 
Action.c(93):     MTUserInfo=firstName&name5&address2&city5&username&user5&hash&117&lastName&lastname5%0A&ad
Action.c(93):     dress1&street5&creditCard&&expDate&%0A\r\n
Action.c(93):     \r\n
Action.c(93): t=3918357ms: 831-byte response body for "http://127.0.0.1:8090/WebTours/images/cancelreservation.gif" (RelFrameId=, Internal ID=3384)
Action.c(93): t=3918357ms: Request done "http://127.0.0.1:8090/WebTours/images/cancelreservation.gif"  	[MsgId: MMSG-26000]
Action.c(93): t=3918359ms: 164-byte response headers for "http://127.0.0.1:8090/WebTours/images/home.gif" (RelFrameId=, Internal ID=3383)
Action.c(93):     HTTP/1.1 200 Ok\r\n
Action.c(93):     Server: Xitami\r\n
Action.c(93):     Date: Wed, 14 Feb 2024 10:53:48 GMT\r\n
Action.c(93):     Content-type: image/gif\r\n
Action.c(93):     Content-length: 688\r\n
Action.c(93):     Last-modified: Mon, 08 Feb 2010 11:51:43 GMT\r\n
Action.c(93):     \r\n
Action.c(93): t=3918359ms: 688-byte response body for "http://127.0.0.1:8090/WebTours/images/home.gif" (RelFrameId=, Internal ID=3383)
Action.c(93): t=3918359ms: Request done "http://127.0.0.1:8090/WebTours/images/home.gif"  	[MsgId: MMSG-26000]
Action.c(93): Registered web_reg_find successful for "Text=Error"  	[MsgId: MMSG-26362]
Action.c(93): Registered web_reg_find successful for "Text=<b>Itinerary</font></b>" (count=1)  	[MsgId: MMSG-26364]
Action.c(93): web_url("Itinerary Button") was successful, 55542 body bytes, 1338 header bytes  	[MsgId: MMSG-26386]
Action.c(103): web_set_sockets_option started  	[MsgId: MMSG-26355]
Action.c(103): web_set_sockets_option was successful  	[MsgId: MMSG-26392]
Action.c(105): Notify: Transaction "go_to_my_tickets" ended with a "Pass" status (Duration: 0,5028 Wasted Time: 0,0002).	[MsgId: MMSG-16871]
Action.c(108): lr_think_time: 5,00 seconds.	[MsgId: MMSG-15948]
Action.c(111): Notify: Transaction "logout" started.	[MsgId: MMSG-16999]
Action.c(113): web_add_header("Sec-Fetch-User") started  	[MsgId: MMSG-26355]
Action.c(113): An unrecognized header ("Sec-Fetch-User") is being added  	[MsgId: MMSG-26595]
Action.c(113): "Sec-Fetch-User: ?1" header registered for adding to requests from the immediately following Action function  	[MsgId: MMSG-26506]
Action.c(113): web_add_header("Sec-Fetch-User") was successful  	[MsgId: MMSG-26392]
Action.c(115): web_reg_find started  	[MsgId: MMSG-26355]
Action.c(115): Registering web_reg_find was successful  	[MsgId: MMSG-26390]
Action.c(116): web_reg_find started  	[MsgId: MMSG-26355]
Action.c(116): Registering web_reg_find was successful  	[MsgId: MMSG-26390]
Action.c(117): web_url("SignOff Button") started  	[MsgId: MMSG-26355]
Action.c(117): t=3923361ms: Already connected [0] to 127.0.0.1:8090  	[MsgId: MMSG-26000]
Action.c(117): t=3923361ms: 611-byte request headers for "http://127.0.0.1:8090/WebTours/welcome.pl?signOff=1" (RelFrameId=1, Internal ID=3386)
Action.c(117):     GET /WebTours/welcome.pl?signOff=1 HTTP/1.1\r\n
Action.c(117):     Referer: http://127.0.0.1:8090/WebTours/nav.pl?page=menu&in=itinerary\r\n
Action.c(117):     Sec-Fetch-User: ?1\r\n
Action.c(117):     Sec-Fetch-Dest: frame\r\n
Action.c(117):     Sec-Fetch-Mode: navigate\r\n
Action.c(117):     Sec-Fetch-Site: same-origin\r\n
Action.c(117):     Upgrade-Insecure-Requests: 1\r\n
Action.c(117):     User-Agent: Mozilla/5.0\r\n
Action.c(117):     Accept-Encoding: gzip, deflate\r\n
Action.c(117):     Accept-Language: ru-RU,en,*\r\n
Action.c(117):     Accept: */*\r\n
Action.c(117):     Connection: Keep-Alive\r\n
Action.c(117):     Host: 127.0.0.1:8090\r\n
Action.c(117):     Cookie: MSO=SID&1707908017&MSO_Comments&on&MSO_ServerErrorsProb&50&MSO_ServerLoadProb&50; 
Action.c(117):     MTUserInfo=firstName&name5&address2&city5&username&user5&hash&117&lastName&lastname5%0A&ad
Action.c(117):     dress1&street5&creditCard&&expDate&%0A\r\n
Action.c(117):     \r\n
Action.c(117): t=3923589ms: 386-byte response headers for "http://127.0.0.1:8090/WebTours/welcome.pl?signOff=1" (RelFrameId=1, Internal ID=3386)
Action.c(117):     HTTP/1.1 200 Ok\r\n
Action.c(117):     Server: Xitami\r\n
Action.c(117):     Date: Wed, 14 Feb 2024 10:53:53 GMT\r\n
Action.c(117):     Cache-control: no-cache\r\n
Action.c(117):     Expires: 0\r\n
Action.c(117):     Content-length: 630\r\n
Action.c(117):     Content-type: text/html; charset=ISO-8859-1\r\n
Action.c(117):     Date: Wed, 14 Feb 2024 10:53:53 GMT\r\n
Action.c(117):     Set-cookie: MTUserInfo=; path=/; expires=Tue, 13-Feb-2024 10:53:53 GMT\r\n
Action.c(117):     Set-cookie: MSO=SID&1707908033&MSO_Comments&on&MSO_ServerErrorsProb&50&MSO_ServerLoadProb&
Action.c(117):     50; path=/\r\n
Action.c(117):     \r\n
Action.c(117): t=3923589ms: 630-byte response body for "http://127.0.0.1:8090/WebTours/welcome.pl?signOff=1" (RelFrameId=1, Internal ID=3386)
Action.c(117):     <!-- \n
Action.c(117):      A Session ID has been created and loaded into a cookie called MSO.\n
Action.c(117):      Also, the server options have been loaded into the cookie called\n
Action.c(117):      MSO as well.  The server options can be set via the Admin page.\n
Action.c(117):      --->\n
Action.c(117):     \n
Action.c(117):     <html>\n
Action.c(117):     <title>Web Tours</title>\n
Action.c(117):        <!-- Frame Set -->\n
Action.c(117):        <frameset cols="160,*" border=1 frameborder=1>\n
Action.c(117):           <!-- Navigation Frame -->\n
Action.c(117):           <frame src=nav.pl?in=home name=navbar marginheight=2 marginwidth=2 \n
Action.c(117):                 noresize scrolling=auto>\n
Action.c(117):           <!-- Home Frame -->\n
Action.c(117):           <frame src=/WebTours/home.html name=info marginheight=2 marginwidth=2 \n
Action.c(117):                 noresize scrolling=auto>\n
Action.c(117):        </frameset>\n
Action.c(117):     \n
Action.c(117):     </body>\n
Action.c(117):     </html>
Action.c(117): Detected non-resource "http://127.0.0.1:8090/WebTours/nav.pl?in=home" in "http://127.0.0.1:8090/WebTours/welcome.pl?signOff=1"  	[MsgId: MMSG-26574]
Action.c(117): Detected non-resource "http://127.0.0.1:8090/WebTours/home.html" in "http://127.0.0.1:8090/WebTours/welcome.pl?signOff=1"  	[MsgId: MMSG-26574]
Action.c(117): Retrieving data from cache for "http://127.0.0.1:8090/WebTours/home.html"  	[MsgId: MMSG-26558]
Action.c(117): t=3923590ms: 1322-byte response body retrieved from cache for "http://127.0.0.1:8090/WebTours/home.html" (RelFrameId=1.2, Internal ID=3388)
Action.c(117):     <HTML>\n
Action.c(117):     <HEAD>\n
Action.c(117):     \t<title>Web Tours</title>\n
Action.c(117):     </head>\n
Action.c(117):     <style>\n
Action.c(117):     \tblockquote {font-family: tahoma; font-size : 10pt}\n
Action.c(117):     \tH1 {font-family: tahoma; font-size : 22pt; color: #003366}\n
Action.c(117):     \tsmall {font-family: tahoma; font-size : 8pt}\n
Action.c(117):     \tH3{font-family: tahoma; font-size : 10pt; color: black}\n
Action.c(117):     \tA {FONT-WEIGHT: bold; FONT-SIZE: 10pt; COLOR: black; FONT-FAMILY: Tahoma; TEXT-DECORATIO
Action.c(117):     N: none}\n
Action.c(117):     \tA:hover{ FONT-WEIGHT: bold; FONT-SIZE: 10pt; COLOR: #993333; FONT-FAMILY: Tahoma;TEXT-DE
Action.c(117):     CORATION: underline}\n
Action.c(117):     \tTD {font-family: tahoma; font-size : 10pt; color: black}\n
Action.c(117):     </style>\n
Action.c(117):     <body bgcolor=#e0e7f1>\n
Action.c(117):     <BR>\n
Action.c(117):     <BR>\n
Action.c(117):     <BR>\n
Action.c(117):     <br >\n
Action.c(117):     <table border=0>\n
Action.c(117):     <tr><td></td></tr>\n
Action.c(117):     <TR><TD></TD></TR>\n
Action.c(117):     <TR><TD>\n
Action.c(117):     <blockquote>\n
Action.c(117):     <H1><b>Web Tours</b></H1>\n
Action.c(117):     Welcome to the Web Tours site.\n
Action.c(117):     <br>\n
Action.c(117):     To make reservations,please enter your account information to the left.\n
Action.c(117):     <br>\n
Action.c(117):     If you haven't registered yet, <A href="login.pl?username=&amp;password=&amp;getInfo=true"
Action.c(117):      ><B>sign up now</B></A> to get access to all our resources.\n
Action.c(117):     <br>\n
Action.c(117):     To configure the server options, use <A href="admin.pl" target=body ><b>administration</b>
Action.c(117):     </A> link.\n
Action.c(117):     <br><br><br><br><br><br>\n
Action.c(117):     <br><small>\n
Action.c(117):     This product uses parts of the SMT Kernel, Copyright (c) 1991-99 <A href="http://www.imati
Action.c(117):     x.com" target=new><B><small>iMatix Corporation</small></B></A> \n
Action.c(117):     </small>\n
Action.c(117):     </blockquote></TD>\n
Action.c(117):     <TD></TD></TR>\n
Action.c(117):     </table>\n
Action.c(117):     </body>\n
Action.c(117):     </html>\n
Action.c(117): t=3923591ms: Request done "http://127.0.0.1:8090/WebTours/welcome.pl?signOff=1"  	[MsgId: MMSG-26000]
Action.c(117): t=3923591ms: Already connected [1] to 127.0.0.1:8090  	[MsgId: MMSG-26000]
Action.c(117): t=3923591ms: 466-byte request headers for "http://127.0.0.1:8090/WebTours/nav.pl?in=home" (RelFrameId=1.1, Internal ID=3387)
Action.c(117):     GET /WebTours/nav.pl?in=home HTTP/1.1\r\n
Action.c(117):     Referer: http://127.0.0.1:8090/WebTours/welcome.pl?signOff=1\r\n
Action.c(117):     Sec-Fetch-User: ?1\r\n
Action.c(117):     Sec-Fetch-Dest: frame\r\n
Action.c(117):     Sec-Fetch-Mode: navigate\r\n
Action.c(117):     Sec-Fetch-Site: same-origin\r\n
Action.c(117):     Upgrade-Insecure-Requests: 1\r\n
Action.c(117):     User-Agent: Mozilla/5.0\r\n
Action.c(117):     Accept-Encoding: gzip, deflate\r\n
Action.c(117):     Accept-Language: ru-RU,en,*\r\n
Action.c(117):     Accept: */*\r\n
Action.c(117):     Connection: Keep-Alive\r\n
Action.c(117):     Host: 127.0.0.1:8090\r\n
Action.c(117):     Cookie: MSO=SID&1707908033&MSO_Comments&on&MSO_ServerErrorsProb&50&MSO_ServerLoadProb&50\r
Action.c(117):     \n
Action.c(117):     \r\n
Action.c(117): t=3923832ms: 253-byte response headers for "http://127.0.0.1:8090/WebTours/nav.pl?in=home" (RelFrameId=1.1, Internal ID=3387)
Action.c(117):     HTTP/1.1 200 Ok\r\n
Action.c(117):     Server: Xitami\r\n
Action.c(117):     Date: Wed, 14 Feb 2024 10:53:54 GMT\r\n
Action.c(117):     Cache-control: no-cache\r\n
Action.c(117):     Expires: 0\r\n
Action.c(117):     Content-length: 2756\r\n
Action.c(117):     Content-type: text/html; charset=ISO-8859-1\r\n
Action.c(117):     Date: Wed, 14 Feb 2024 10:53:53 GMT\r\n
Action.c(117):     Expires: Tue, 13 Feb 2024 10:53:53 GMT\r\n
Action.c(117):     \r\n
Action.c(117): t=3923833ms: 2756-byte response body for "http://127.0.0.1:8090/WebTours/nav.pl?in=home" (RelFrameId=1.1, Internal ID=3387)
Action.c(117):     <!-- Comments option is ON \n
Action.c(117):     \n
Action.c(117):     These are used to make the automated parsing difficult.\n
Action.c(117):     User must try and get the UserSession value.  There are several here, with similar boundar
Action.c(117):     ies.\n
Action.c(117):     But none are the right value.\n
Action.c(117):     \n
Action.c(117):     <!DOCTYPE HTML PUBLIC "-//IETF//DTD HTML//EN">\n
Action.c(117):     <HTML><HEAD><TITLE>Web Tours Navigation Bar</TITLE>\n
Action.c(117):     <style>\n
Action.c(117):     \tblockquote {font-family: tahoma; font-size : 10pt}\n
Action.c(117):     \tH1 {font-family: tahoma; font-size : 22pt;color: #993333}\n
Action.c(117):     \tsmall {font-family: tahoma; font-size : 8pt}\n
Action.c(117):     </style>\n
Action.c(117):     </HEAD><BODY BGCOLOR="#E0E7F1"><br clear>\n
Action.c(117):     <form method=post action=login.pl target=body>\n
Action.c(117):     <input type=hidden name=userSession value=844138348.15982179HVVzciDptHAiDDDDtczQHpHAAicf>\n
Action.c(117):     <form method=post action=error.pl onSubmit='doJSformSubmit1(this)' target=body>\n
Action.c(117):     <input type=hidden name=userSession value=1138348.15982179HVVzciDptHAiDDDDtczQHpHAAicf>\n
Action.c(117):     <table border=0>\n
Action.c(117):     <tr><td><font face=sans-serif size=2>&nbsp;</font><td><tr>\n
Action.c(117):     <tr><td><font face=sans-serif size=2>&nbsp;<b>Username</b></font><td><tr>\n
Action.c(117):     <tr><td><input type=text name=username value='' size=18 maxlength=30>\n
Action.c(117):     <tr><td><font face=sans-serif size=2>&nbsp;<b>Password</b></font>\n
Action.c(117):     <tr><td><input type=password name=password value='' size=18 maxlength=30>\n
Action.c(117):     <tr><td><input type=image name=login value=Login alt=Login border=1 src='/WebTours/images/
Action.c(117):     mer_login.gif'>\n
Action.c(117):     </table></form>\n
Action.c(117):     </BODY></HTML>\n
Action.c(117):     -->\n
Action.c(117):     <!DOCTYPE html\n
Action.c(117):     \tPUBLIC "-//W3C//DTD XHTML 1.0 Transitional//EN"\n
Action.c(117):     \t "http://www.w3.org/TR/xhtml1/DTD/xhtml1-transitional.dtd">\n
Action.c(117):     <html xmlns="http://www.w3.org/1999/xhtml" lang="en-US" xml:lang="en-US">\n
Action.c(117):     <head>\n
Action.c(117):     <title>Web Tours Navigation Bar</title>\n
Action.c(117):     <meta http-equiv="Content-Type" content="text/html; charset=iso-8859-1" />\n
Action.c(117):     </head>\n
Action.c(117):     <body bgcolor="#F3E2E2" background="images/fonJM.png">\n
Action.c(117):     <style>\n
Action.c(117):     blockquote {font-family: tahoma; font-size : 10pt}\n
Action.c(117):     H1 {font-family: tahoma; font-size : 22pt; color: #993333}\n
Action.c(117):     H3 {font-family: tahoma; font-size : 10pt; color: black}\n
Action.c(117):     small {font-family: tahoma; font-size : 8pt}\n
Action.c(117):     </style>\n
Action.c(117):     <form method=post action=login.pl target=body>\n
Action.c(117):     <input type=hidden name=userSession value=138348.15982179HVVzciDptHAiDDDDtczQHpHAAicf>\n
Action.c(117):     <table border=0><tr><td>&nbsp;</td>\n
Action.c(117):     <td>&nbsp;</td>\n
Action.c(117):     <tr><td>&nbsp;</td>\n
Action.c(117):     <td>&nbsp;</td></tr>\n
Action.c(117):     <tr><td>&nbsp;</td>\n
Action.c(117):     <td><small>&nbsp;Username</small></td></tr>\n
Action.c(117):     <tr><td>&nbsp;</td>\n
Action.c(117):     <td><input type=text name=username value='' size=14 maxlength=14></td></tr>\n
Action.c(117):     <tr><td>&nbsp;</td>\n
Action.c(117):     <td><small>&nbsp;Password</small></td>\n
Action.c(117):     <tr><td>&nbsp;</td>\n
Action.c(117):     <td><input type=password name=password value='' size=14 maxlength=14></td></tr>\n
Action.c(117):     <tr><td>&nbsp;</td>\n
Action.c(117):     <td>&nbsp;<tr><td>\n
Action.c(117):     <tr><td>&nbsp;</td>\n
Action.c(117):     <td><input type=image name=login value=Login alt=Login border=1 \n
Action.c(117):     src='/WebTours/images/mer_login.gif'>\n
Action.c(117):     <tr><td>&nbsp;</td>\n
Action.c(117):     </table><input type=hidden name=JSFormSubmit value='off'>\n
Action.c(117):     </form>\n
Action.c(117):     \n
Action.c(117):     </body>\n
Action.c(117):     </html>\n
Action.c(117): Resource "http://127.0.0.1:8090/WebTours/images/fonJM.png" is in the cache already and will not be downloaded again  	[MsgId: MMSG-26655]
Action.c(117): Resource "http://127.0.0.1:8090/WebTours/images/mer_login.gif" is in the cache already and will not be downloaded again  	[MsgId: MMSG-26655]
Action.c(117): t=3923835ms: Request done "http://127.0.0.1:8090/WebTours/nav.pl?in=home"  	[MsgId: MMSG-26000]
Action.c(117): Registered web_reg_find successful for "Text=Error"  	[MsgId: MMSG-26362]
Action.c(117): Registered web_reg_find successful for "Text=To make reservations,please enter your account information to the left." (count=1)  	[MsgId: MMSG-26364]
Action.c(117): web_url("SignOff Button") was successful, 3386 body bytes, 639 header bytes  	[MsgId: MMSG-26386]
Action.c(127): Notify: Transaction "logout" ended with a "Pass" status (Duration: 0,4753 Wasted Time: 0,0000).	[MsgId: MMSG-16871]
Action.c(131): Notify: Transaction "UC2_CheckMyTickets" ended with a "Pass" status (Duration: 16,9361 Think Time: 15,0131 Wasted Time: 0,0009).	[MsgId: MMSG-16870]
Ending action Action.	[MsgId: MMSG-15918]
Ending iteration 154.	[MsgId: MMSG-15965]
Waiting 8,0630 seconds for iteration pacing.	[MsgId: MMSG-15996]
Action was aborted.	[MsgId: MMSG-10694]
Ending Vuser...	[MsgId: MMSG-15966]
Starting action vuser_end.	[MsgId: MMSG-15919]
Ending action vuser_end.	[MsgId: MMSG-15918]
Vuser Terminated.	[MsgId: MMSG-15963]
t=3931283ms: Closed connection [0] to 127.0.0.1:8090 after completing 11 request(s)  	[MsgId: MMSG-26000]
t=3931284ms: Closed connection [1] to 127.0.0.1:8090 after completing 10 request(s)  	[MsgId: MMSG-26000]
HTML-Mode memory management statistics: Reusable=33, NonReusable=0, CsMemBlockSize=4096, checks disabled  	[MsgId: MMSG-26000]
Vuser 2 (thread 12844), ended OK."	[MsgId: MMSG-10695]
