Action.c(135):      bgcolor=#EFF2F7><td align=center><input type = radio name=outboundFlight value=751;57;02/
Action.c(135):     14/2024>Blue Sky Air 751<td align=center>1pm<td align=center>$ 57</TD></TR><tr bgcolor=#EF
Action.c(135):     F2F7><td align=center><input type = radio name=outboundFlight value=752;61;02/14/2024>Blue
Action.c(135):      Sky Air 752<td align=center>5pm<td align=center>$ 61</TD></TR><tr bgcolor=#EFF2F7><td ali
Action.c(135):     gn=center><input type = radio name=outboundFlight value=753;53;02/14/2024>Blue Sky Air 753
Action.c(135):     <td align=center>11pm<td align=center>$ 53</TD></TR></table>\n
Action.c(135):     \n
Action.c(135):     <input type="hidden" name="numPassengers" value="1"  /><input type="hidden" name="advanceD
Action.c(135):     iscount" value="0"  /><input type="hidden" name="seatType" value="Coach"  /><input type="h
Action.c(135):     idden" name="seatPref" value="Window"  />\n
Action.c(135):     <P><center><table width=80% cellspacing=1><tr><td align=center>\n
Action.c(135):     <input type="image" name="reserveFlights" src="/WebTours/images/button_next.gif" border="0
Action.c(135):     " />\n
Action.c(135):     <td>&nbsp;<td align=center></table></center></form></center>\n
Action.c(135):     </blockquote>\n
Action.c(135):     \n
Action.c(135):     </body>\n
Action.c(135):     </html>
Action.c(135): Resource "http://127.0.0.1:8090/WebTours/images/button_next.gif" is in the cache already and will not be downloaded again  	[MsgId: MMSG-26655]
Action.c(135): t=6601376ms: Request done "http://127.0.0.1:8090/WebTours/reservations.pl"  	[MsgId: MMSG-26000]
Action.c(135): Notify: Saving Parameter "outboundFlight_1 = 750;64;02/14/2024".	[MsgId: MMSG-13798]
Action.c(135): Notify: Saving Parameter "outboundFlight_2 = 751;57;02/14/2024".	[MsgId: MMSG-13798]
Action.c(135): Notify: Saving Parameter "outboundFlight_3 = 752;61;02/14/2024".	[MsgId: MMSG-13798]
Action.c(135): Notify: Saving Parameter "outboundFlight_4 = 753;53;02/14/2024".	[MsgId: MMSG-13798]
Action.c(135): Notify: Saving Parameter "outboundFlight_count = 4".	[MsgId: MMSG-13798]
Action.c(135): Registered web_reg_find successful for "Text=Error"  	[MsgId: MMSG-26362]
Action.c(135): Registered web_reg_find successful for "Text=$ 0"  	[MsgId: MMSG-26362]
Action.c(135): Registered web_reg_find successful for "Text=Find Flight" (count=1)  	[MsgId: MMSG-26364]
Action.c(135): Registered web_reg_find successful for "Text=Flight departing from <B>Seattle</B> to <B>Portland</B> on <B>02/14/2024</B>" (count=1)  	[MsgId: MMSG-26364]
Action.c(135): web_submit_data("reservations.pl") was successful, 2352 body bytes, 253 header bytes  	[MsgId: MMSG-26386]
Action.c(159): Notify: Transaction "input_data_to_find_tickets" ended with a "Pass" status (Duration: 0,4700 Wasted Time: 0,0009).	[MsgId: MMSG-16871]
Action.c(162): lr_think_time: 5,00 seconds.	[MsgId: MMSG-15948]
Action.c(135): t=6601722ms: 253-byte response headers for "http://127.0.0.1:8090/WebTours/reservations.pl" (RelFrameId=1, Internal ID=1884)
Action.c(135):     HTTP/1.1 200 Ok\r\n
Action.c(135):     Server: Xitami\r\n
Action.c(135):     Date: Mon, 12 Feb 2024 11:16:18 GMT\r\n
Action.c(135):     Cache-control: no-cache\r\n
Action.c(135):     Expires: 0\r\n
Action.c(135):     Content-length: 2351\r\n
Action.c(135):     Content-type: text/html; charset=ISO-8859-1\r\n
Action.c(135):     Date: Mon, 12 Feb 2024 11:16:17 GMT\r\n
Action.c(135):     Expires: Sun, 11 Feb 2024 11:16:17 GMT\r\n
Action.c(135):     \r\n
Action.c(135): t=6601723ms: 2351-byte response body for "http://127.0.0.1:8090/WebTours/reservations.pl" (RelFrameId=1, Internal ID=1884)
Action.c(135):     <!DOCTYPE html\n
Action.c(135):     \tPUBLIC "-//W3C//DTD XHTML 1.0 Transitional//EN"\n
Action.c(135):     \t "http://www.w3.org/TR/xhtml1/DTD/xhtml1-transitional.dtd">\n
Action.c(135):     <html xmlns="http://www.w3.org/1999/xhtml" lang="en-US" xml:lang="en-US">\n
Action.c(135):     <head>\n
Action.c(135):     <title>Flight Selections</title>\n
Action.c(135):     <meta http-equiv="Content-Type" content="text/html; charset=iso-8859-1" />\n
Action.c(135):     </head>\n
Action.c(135):     <body bgcolor="#E0E7F1">\n
Action.c(135):     <style>blockquote {font-family: tahoma; font-size : 10pt}H1 {font-family: tahoma; font-siz
Action.c(135):     e : 22pt; color: #993333}small {font-family: tahoma; font-size : 8pt}H3 {font-family: taho
Action.c(135):     ma; font-size : 10pt; color: black}TD {font-family: tahoma; font-size : 10pt; color: black
Action.c(135):     }</style><BR><BR><h1><font color=#003366>&nbsp;&nbsp;<b>Find Flight</font></b></h1><blockq
Action.c(135):     uote>\n
Action.c(135):     <form method="post" action="reservations.pl" enctype="application/x-www-form-urlencoded">\n
Action.c(135):     \n
Action.c(135):     <center>\n
Action.c(135):     <!-- From Seattle (7) To Portland (5) -->\n
Action.c(135):     <table cellspacing=2 border=0 width=50%>\n
Action.c(135):     <blockquote>Flight departing from <B>Seattle</B> to <B>Portland</B> on <B>02/14/2024</B><B
Action.c(135):     R><BR><tr bgcolor=#5E7884><td align=center><font color=white><B>Flight</B></font>\n
Action.c(135):           \t\t<td align=center><font color=white><B>Departure time</B>\n
Action.c(135):           \t\t<td align=center><font color=white><B>Cost</B>\n
Action.c(135):     <tr bgcolor=#EFF2F7><td align=center><input type = radio name=outboundFlight value=750;64;
Action.c(135):     02/14/2024 checked >Blue Sky Air 750<td align=center>8am<td align=center>$ 64</TD></TR><tr
Action.c(135):      bgcolor=#EFF2F7><td align=center><input type = radio name=outboundFlight value=751;57;02/
Action.c(135):     14/2024>Blue Sky Air 751<td align=center>1pm<td align=center>$ 57</TD></TR><tr bgcolor=#EF
Action.c(135):     F2F7><td align=center><input type = radio name=outboundFlight value=752;61;02/14/2024>Blue
Action.c(135):      Sky Air 752<td align=center>5pm<td align=center>$ 61</TD></TR><tr bgcolor=#EFF2F7><td ali
Action.c(135):     gn=center><input type = radio name=outboundFlight value=753;53;02/14/2024>Blue Sky Air 753
Action.c(135):     <td align=center>11pm<td align=center>$ 53</TD></TR></table>\n
Action.c(135):     \n
Action.c(135):     <input type="hidden" name="numPassengers" value="1"  /><input type="hidden" name="advanceD
Action.c(135):     iscount" value="0"  /><input type="hidden" name="seatType" value="Coach"  /><input type="h
Action.c(135):     idden" name="seatPref" value="Aisle"  />\n
Action.c(135):     <P><center><table width=80% cellspacing=1><tr><td align=center>\n
Action.c(135):     <input type="image" name="reserveFlights" src="/WebTours/images/button_next.gif" border="0
Action.c(135):     " />\n
Action.c(135):     <td>&nbsp;<td align=center></table></center></form></center>\n
Action.c(135):     </blockquote>\n
Action.c(135):     \n
Action.c(135):     </body>\n
Action.c(135):     </html>
Action.c(135): Resource "http://127.0.0.1:8090/WebTours/images/button_next.gif" is in the cache already and will not be downloaded again  	[MsgId: MMSG-26655]
Action.c(135): t=6601724ms: Request done "http://127.0.0.1:8090/WebTours/reservations.pl"  	[MsgId: MMSG-26000]
Action.c(135): Notify: Saving Parameter "outboundFlight_1 = 750;64;02/14/2024".	[MsgId: MMSG-13798]
Action.c(135): Notify: Saving Parameter "outboundFlight_2 = 751;57;02/14/2024".	[MsgId: MMSG-13798]
Action.c(135): Notify: Saving Parameter "outboundFlight_3 = 752;61;02/14/2024".	[MsgId: MMSG-13798]
Action.c(135): Notify: Saving Parameter "outboundFlight_4 = 753;53;02/14/2024".	[MsgId: MMSG-13798]
Action.c(135): Notify: Saving Parameter "outboundFlight_count = 4".	[MsgId: MMSG-13798]
Action.c(135): Registered web_reg_find successful for "Text=Error"  	[MsgId: MMSG-26362]
Action.c(135): Registered web_reg_find successful for "Text=$ 0"  	[MsgId: MMSG-26362]
Action.c(135): Registered web_reg_find successful for "Text=Find Flight" (count=1)  	[MsgId: MMSG-26364]
Action.c(135): Registered web_reg_find successful for "Text=Flight departing from <B>Seattle</B> to <B>Portland</B> on <B>02/14/2024</B>" (count=1)  	[MsgId: MMSG-26364]
Action.c(135): web_submit_data("reservations.pl") was successful, 2351 body bytes, 253 header bytes  	[MsgId: MMSG-26386]
Action.c(159): Notify: Transaction "input_data_to_find_tickets" ended with a "Pass" status (Duration: 0,8189 Wasted Time: 0,0007).	[MsgId: MMSG-16871]
Action.c(162): lr_think_time: 5,00 seconds.	[MsgId: MMSG-15948]
Action.c(165): Notify: Transaction "choose_ticket" started.	[MsgId: MMSG-16999]
Action.c(167): Notify: Parameter Substitution: parameter "outboundFlight_count" =  "4"	[MsgId: MMSG-13992]
Action.c(167): Notify: Parameter Substitution: parameter "outboundFlight_4" =  "753;53;02/14/2024"	[MsgId: MMSG-13992]
Action.c(167): Notify: Saving Parameter "outboundFlightRandom = 753;53;02/14/2024".	[MsgId: MMSG-13798]
Action.c(169): web_reg_find started  	[MsgId: MMSG-26355]
Action.c(169): Registering web_reg_find was successful  	[MsgId: MMSG-26390]
Action.c(170): web_reg_find started  	[MsgId: MMSG-26355]
Action.c(170): Registering web_reg_find was successful  	[MsgId: MMSG-26390]
Action.c(171): web_submit_data("reservations.pl_2") started  	[MsgId: MMSG-26355]
Action.c(171): Notify: Parameter Substitution: parameter "outboundFlightRandom" =  "753;53;02/14/2024"	[MsgId: MMSG-13992]
Action.c(171): Notify: Parameter Substitution: parameter "seatType" =  "Coach"	[MsgId: MMSG-13992]
Action.c(171): Notify: Parameter Substitution: parameter "seatPref" =  "Window"	[MsgId: MMSG-13992]
Action.c(171): t=6606390ms: Already connected [0] to 127.0.0.1:8090  	[MsgId: MMSG-26000]
Action.c(171): t=6606390ms: 716-byte request headers for "http://127.0.0.1:8090/WebTours/reservations.pl" (RelFrameId=1, Internal ID=1885)
Action.c(171):     POST /WebTours/reservations.pl HTTP/1.1\r\n
Action.c(171):     Content-Type: application/x-www-form-urlencoded\r\n
Action.c(171):     Referer: http://127.0.0.1:8090/WebTours/reservations.pl\r\n
Action.c(171):     Sec-Fetch-Dest: frame\r\n
Action.c(171):     Sec-Fetch-Mode: navigate\r\n
Action.c(171):     Sec-Fetch-Site: same-origin\r\n
Action.c(171):     Upgrade-Insecure-Requests: 1\r\n
Action.c(171):     User-Agent: Mozilla/5.0 (Windows NT 10.0; Win64; x64; rv:121.0) Gecko/20100101 Firefox/121
Action.c(171):     .0\r\n
Action.c(171):     Accept-Encoding: gzip, deflate\r\n
Action.c(171):     Accept-Language: en-US,en;q=0.5\r\n
Action.c(171):     Accept: */*\r\n
Action.c(171):     Connection: Keep-Alive\r\n
Action.c(171):     Host: 127.0.0.1:8090\r\n
Action.c(171):     Cookie: MSO=SID&1707736557&MSO_Comments&on&MSO_ServerErrorsProb&50&MSO_ServerLoadProb&50; 
Action.c(171):     MTUserInfo=firstName&name4&address2&city4&username&user4&hash&116&lastName&lastname4%0A&ad
Action.c(171):     dress1&street4&creditCard&&expDate&%0A\r\n
Action.c(171):     Content-Length: 144\r\n
Action.c(171):     \r\n
Action.c(171): t=6606390ms: 144-byte request body for "http://127.0.0.1:8090/WebTours/reservations.pl" (RelFrameId=1, Internal ID=1885)
Action.c(171):     outboundFlight=753%3B53%3B02%2F14%2F2024&numPassengers=1&advanceDiscount=0&seatType=Coach&
Action.c(171):     seatPref=Window&reserveFlights.x=62&reserveFlights.y=4
Action.c(165): Notify: Transaction "choose_ticket" started.	[MsgId: MMSG-16999]
Action.c(167): Notify: Parameter Substitution: parameter "outboundFlight_count" =  "4"	[MsgId: MMSG-13992]
Action.c(167): Notify: Parameter Substitution: parameter "outboundFlight_4" =  "753;53;02/14/2024"	[MsgId: MMSG-13992]
Action.c(167): Notify: Saving Parameter "outboundFlightRandom = 753;53;02/14/2024".	[MsgId: MMSG-13798]
Action.c(169): web_reg_find started  	[MsgId: MMSG-26355]
Action.c(169): Registering web_reg_find was successful  	[MsgId: MMSG-26390]
Action.c(170): web_reg_find started  	[MsgId: MMSG-26355]
Action.c(170): Registering web_reg_find was successful  	[MsgId: MMSG-26390]
Action.c(171): web_submit_data("reservations.pl_2") started  	[MsgId: MMSG-26355]
Action.c(171): Notify: Parameter Substitution: parameter "outboundFlightRandom" =  "753;53;02/14/2024"	[MsgId: MMSG-13992]
Action.c(171): Notify: Parameter Substitution: parameter "seatType" =  "Coach"	[MsgId: MMSG-13992]
Action.c(171): Notify: Parameter Substitution: parameter "seatPref" =  "Aisle"	[MsgId: MMSG-13992]
Action.c(171): t=6606733ms: Already connected [0] to 127.0.0.1:8090  	[MsgId: MMSG-26000]
Action.c(171): t=6606733ms: 757-byte request headers for "http://127.0.0.1:8090/WebTours/reservations.pl" (RelFrameId=1, Internal ID=1885)
Action.c(171):     POST /WebTours/reservations.pl HTTP/1.1\r\n
Action.c(171):     Content-Type: application/x-www-form-urlencoded\r\n
Action.c(171):     Referer: http://127.0.0.1:8090/WebTours/reservations.pl\r\n
Action.c(171):     Sec-Fetch-Dest: frame\r\n
Action.c(171):     Sec-Fetch-Mode: navigate\r\n
Action.c(171):     Sec-Fetch-Site: same-origin\r\n
Action.c(171):     Upgrade-Insecure-Requests: 1\r\n
Action.c(171):     User-Agent: Mozilla/5.0 (Windows NT 10.0; Win64; x64; rv:121.0) Gecko/20100101 Firefox/121
Action.c(171):     .0\r\n
Action.c(171):     Accept-Encoding: gzip, deflate\r\n
Action.c(171):     Accept-Language: en-US,en;q=0.5\r\n
Action.c(171):     Accept: */*\r\n
Action.c(171):     Connection: Keep-Alive\r\n
Action.c(171):     Host: 127.0.0.1:8090\r\n
Action.c(171):     Cookie: MSO=SID&1707736557&MSO_Comments&on&MSO_ServerErrorsProb&50&MSO_ServerLoadProb&50; 
Action.c(171):     MTUserInfo=firstName&James&address2&WC2E7BN&username&007&hash&55&lastName&Bond%0A&address1
Action.c(171):     &45%20Wellington%20St%2C%20London%2C%20United%20Kingdom&creditCard&&expDate&%0A\r\n
Action.c(171):     Content-Length: 143\r\n
Action.c(171):     \r\n
Action.c(171): t=6606734ms: 143-byte request body for "http://127.0.0.1:8090/WebTours/reservations.pl" (RelFrameId=1, Internal ID=1885)
Action.c(171):     outboundFlight=753%3B53%3B02%2F14%2F2024&numPassengers=1&advanceDiscount=0&seatType=Coach&
Action.c(171):     seatPref=Aisle&reserveFlights.x=62&reserveFlights.y=4
Action.c(171): t=6606736ms: 253-byte response headers for "http://127.0.0.1:8090/WebTours/reservations.pl" (RelFrameId=1, Internal ID=1885)
Action.c(171):     HTTP/1.1 200 Ok\r\n
Action.c(171):     Server: Xitami\r\n
Action.c(171):     Date: Mon, 12 Feb 2024 11:16:23 GMT\r\n
Action.c(171):     Cache-control: no-cache\r\n
Action.c(171):     Expires: 0\r\n
Action.c(171):     Content-length: 2702\r\n
Action.c(171):     Content-type: text/html; charset=ISO-8859-1\r\n
Action.c(171):     Date: Mon, 12 Feb 2024 11:16:23 GMT\r\n
Action.c(171):     Expires: Sun, 11 Feb 2024 11:16:23 GMT\r\n
Action.c(171):     \r\n
Action.c(171): t=6606780ms: 2702-byte response body for "http://127.0.0.1:8090/WebTours/reservations.pl" (RelFrameId=1, Internal ID=1885)
Action.c(171):     <!DOCTYPE html\n
Action.c(171):     \tPUBLIC "-//W3C//DTD XHTML 1.0 Transitional//EN"\n
Action.c(171):     \t "http://www.w3.org/TR/xhtml1/DTD/xhtml1-transitional.dtd">\n
Action.c(171):     <html xmlns="http://www.w3.org/1999/xhtml" lang="en-US" xml:lang="en-US">\n
Action.c(171):     <head>\n
Action.c(171):     <title>Flight Reservation</title>\n
Action.c(171):     <meta http-equiv="Content-Type" content="text/html; charset=iso-8859-1" />\n
Action.c(171):     </head>\n
Action.c(171):     <body bgcolor="#E0E7F1">\n
Action.c(171):     <style>blockquote {font-family: tahoma; font-size : 10pt}H1 {font-family: tahoma; font-siz
Action.c(171):     e : 22pt; color: #993333}small {font-family: tahoma; font-size : 8pt}H3 {font-family: taho
Action.c(171):     ma; font-size : 10pt; color: black}TD {font-family: tahoma; font-size : 10pt; color: black
Action.c(171):     }</style><BR><BR><h1><font color=#003366>&nbsp;&nbsp;<b>Payment Details</font></b></h1><bl
Action.c(171):     ockquote><form method="post" action="reservations.pl" enctype="application/x-www-form-urle
Action.c(171):     ncoded" onsubmit="return true ;">\n
Action.c(171):     <table><tr><td align=right>First Name : <td><input type="text" name="firstName" value="nam
Action.c(171):     e4" size="15" /><tr><td align=right>Last Name : <td><input type="text" name="lastName" val
Action.c(171):     ue="lastname4&#10;" size="15" /><tr><td align=right>Street Address : <td colspan=3><input 
Action.c(171):     type="text" name="address1" value="street4" size="30" /><tr><td align=right>City/State/Zip
Action.c(171):      : <td colspan=3><input type="text" name="address2" value="city4" size="30" /><tr><td alig
Action.c(171):     n=right>Passenger Names : <td colspan=3><input type="text" name="pass1" value="name4 lastn
Action.c(171):     ame4&#10;" size="30" /><tr><td height=10><tr><td height=10 align=center colspan=4>Total fo
Action.c(171):     r 1 ticket(s) is = $ 53<tr><td align=right>Credit Card : <td><input type="text" name="cred
Action.c(171):     itCard"  size="20" maxlength="20" /><td align=right>Exp Date : <td><input type="text" name
Action.c(171):     ="expDate" value="&#10;" size="5" maxlength="5" /><tr><TD><td colspan=3 align=left><label>
Action.c(171):     <input type="checkbox" name="saveCC" value="on" />Save this Credit Card Information</label
Action.c(171):     ><input type="hidden" name="oldCCOption" value=""  /></table><input type="hidden" name="nu
Action.c(171):     mPassengers" value="1"  /><input type="hidden" name="seatType" value="Coach"  /><input typ
Action.c(171):     e="hidden" name="seatPref" value="Window"  /><input type="hidden" name="outboundFlight" va
Action.c(171):     lue="753;53;02/14/2024"  /><input type="hidden" name="advanceDiscount" value="0"  /><input
Action.c(171):      type="hidden" name="returnFlight" value=""  /><input type="hidden" name="JSFormSubmit" va
Action.c(171):     lue="off"  /><center><table width=80% cellspacing=1><tr><td align=center>\n
Action.c(171):     <input type="image" name="buyFlights" src="/WebTours/images/button_next.gif" border="0" />
Action.c(171):     <div><input type="hidden" name=".cgifields" value="saveCC"  /></div></form>\n
Action.c(171):     <td>&nbsp;<td align=center><form method="post" action="reservations.pl" enctype="applicati
Action.c(171):     on/x-www-form-urlencoded" onsubmit="void(0);">\n
Action.c(171):     </form></table></center></blockquote>\n
Action.c(171):     </body>\n
Action.c(171):     </html>
Action.c(171): Resource "http://127.0.0.1:8090/WebTours/images/button_next.gif" is in the cache already and will not be downloaded again  	[MsgId: MMSG-26655]
Action.c(171): t=6606782ms: Request done "http://127.0.0.1:8090/WebTours/reservations.pl"  	[MsgId: MMSG-26000]
Action.c(171): Registered web_reg_find successful for "Text=Error"  	[MsgId: MMSG-26362]
Action.c(171): Registered web_reg_find successful for "Text=Payment Details" (count=1)  	[MsgId: MMSG-26364]
Action.c(171): web_submit_data("reservations.pl_2") was successful, 2702 body bytes, 253 header bytes  	[MsgId: MMSG-26386]
Action.c(189): Notify: Transaction "choose_ticket" ended with a "Pass" status (Duration: 0,3938 Wasted Time: 0,0000).	[MsgId: MMSG-16871]
Action.c(215): Notify: Transaction "UC4_SearchTickets" ended with a "Pass" status (Duration: 25,8187 Think Time: 20,0466 Wasted Time: 0,0073).	[MsgId: MMSG-16870]
Ending action Action.	[MsgId: MMSG-15918]
Action was aborted.	[MsgId: MMSG-10694]
Ending Vuser...	[MsgId: MMSG-15966]
Starting action vuser_end.	[MsgId: MMSG-15919]
Ending action vuser_end.	[MsgId: MMSG-15918]
Vuser Terminated.	[MsgId: MMSG-15963]
Action.c(135): t=6606784ms: Closed connection [0] to 127.0.0.1:8090 after completing 9 request(s)  	[MsgId: MMSG-26000]
Action.c(135): t=6606785ms: Closed connection [1] to 127.0.0.1:8090 after completing 3 request(s)  	[MsgId: MMSG-26000]
Action.c(135): t=6606785ms: Closed connection [2] to 127.0.0.1:8090 after completing 5 request(s)  	[MsgId: MMSG-26000]
Action.c(135): t=6606785ms: Closed connection [3] to 127.0.0.1:8090 after completing 2 request(s)  	[MsgId: MMSG-26000]
Action.c(135): t=6606785ms: Closed connection [4] to 127.0.0.1:8090 after completing 1 request(s)  	[MsgId: MMSG-26000]
HTML-Mode memory management statistics: Reusable=7, NonReusable=0, CsMemBlockSize=4096, checks disabled  	[MsgId: MMSG-26000]
Vuser 0 (thread 17700), ended OK."	[MsgId: MMSG-10695]
Action.c(171): t=6607320ms: 253-byte response headers for "http://127.0.0.1:8090/WebTours/reservations.pl" (RelFrameId=1, Internal ID=1885)
Action.c(171):     HTTP/1.1 200 Ok\r\n
Action.c(171):     Server: Xitami\r\n
Action.c(171):     Date: Mon, 12 Feb 2024 11:16:23 GMT\r\n
Action.c(171):     Cache-control: no-cache\r\n
Action.c(171):     Expires: 0\r\n
Action.c(171):     Content-length: 2726\r\n
Action.c(171):     Content-type: text/html; charset=ISO-8859-1\r\n
Action.c(171):     Date: Mon, 12 Feb 2024 11:16:23 GMT\r\n
Action.c(171):     Expires: Sun, 11 Feb 2024 11:16:23 GMT\r\n
Action.c(171):     \r\n
Action.c(171): t=6607320ms: 2726-byte response body for "http://127.0.0.1:8090/WebTours/reservations.pl" (RelFrameId=1, Internal ID=1885)
Action.c(171):     <!DOCTYPE html\n
Action.c(171):     \tPUBLIC "-//W3C//DTD XHTML 1.0 Transitional//EN"\n
Action.c(171):     \t "http://www.w3.org/TR/xhtml1/DTD/xhtml1-transitional.dtd">\n
Action.c(171):     <html xmlns="http://www.w3.org/1999/xhtml" lang="en-US" xml:lang="en-US">\n
Action.c(171):     <head>\n
Action.c(171):     <title>Flight Reservation</title>\n
Action.c(171):     <meta http-equiv="Content-Type" content="text/html; charset=iso-8859-1" />\n
Action.c(171):     </head>\n
Action.c(171):     <body bgcolor="#E0E7F1">\n
Action.c(171):     <style>blockquote {font-family: tahoma; font-size : 10pt}H1 {font-family: tahoma; font-siz
Action.c(171):     e : 22pt; color: #993333}small {font-family: tahoma; font-size : 8pt}H3 {font-family: taho
Action.c(171):     ma; font-size : 10pt; color: black}TD {font-family: tahoma; font-size : 10pt; color: black
Action.c(171):     }</style><BR><BR><h1><font color=#003366>&nbsp;&nbsp;<b>Payment Details</font></b></h1><bl
Action.c(171):     ockquote><form method="post" action="reservations.pl" enctype="application/x-www-form-urle
Action.c(171):     ncoded" onsubmit="return true ;">\n
Action.c(171):     <table><tr><td align=right>First Name : <td><input type="text" name="firstName" value="Jam
Action.c(171):     es" size="15" /><tr><td align=right>Last Name : <td><input type="text" name="lastName" val
Action.c(171):     ue="Bond&#10;" size="15" /><tr><td align=right>Street Address : <td colspan=3><input type=
Action.c(171):     "text" name="address1" value="45 Wellington St, London, United Kingdom" size="30" /><tr><t
Action.c(171):     d align=right>City/State/Zip : <td colspan=3><input type="text" name="address2" value="WC2
Action.c(171):     E7BN" size="30" /><tr><td align=right>Passenger Names : <td colspan=3><input type="text" n
Action.c(171):     ame="pass1" value="James Bond&#10;" size="30" /><tr><td height=10><tr><td height=10 align=
Action.c(171):     center colspan=4>Total for 1 ticket(s) is = $ 53<tr><td align=right>Credit Card : <td><inp
Action.c(171):     ut type="text" name="creditCard"  size="20" maxlength="20" /><td align=right>Exp Date : <t
Action.c(171):     d><input type="text" name="expDate" value="&#10;" size="5" maxlength="5" /><tr><TD><td col
Action.c(171):     span=3 align=left><label><input type="checkbox" name="saveCC" value="on" />Save this Credi
Action.c(171):     t Card Information</label><input type="hidden" name="oldCCOption" value=""  /></table><inp
Action.c(171):     ut type="hidden" name="numPassengers" value="1"  /><input type="hidden" name="seatType" va
Action.c(171):     lue="Coach"  /><input type="hidden" name="seatPref" value="Aisle"  /><input type="hidden" 
Action.c(171):     name="outboundFlight" value="753;53;02/14/2024"  /><input type="hidden" name="advanceDisco
Action.c(171):     unt" value="0"  /><input type="hidden" name="returnFlight" value=""  /><input type="hidden
Action.c(171):     " name="JSFormSubmit" value="off"  /><center><table width=80% cellspacing=1><tr><td align=
Action.c(171):     center>\n
Action.c(171):     <input type="image" name="buyFlights" src="/WebTours/images/button_next.gif" border="0" />
Action.c(171):     <div><input type="hidden" name=".cgifields" value="saveCC"  /></div></form>\n
Action.c(171):     <td>&nbsp;<td align=center><form method="post" action="reservations.pl" enctype="applicati
Action.c(171):     on/x-www-form-urlencoded" onsubmit="void(0);">\n
Action.c(171):     </form></table></center></blockquote>\n
Action.c(171):     </body>\n
Action.c(171):     </html>
Action.c(171): Resource "http://127.0.0.1:8090/WebTours/images/button_next.gif" is in the cache already and will not be downloaded again  	[MsgId: MMSG-26655]
Action.c(171): t=6607321ms: Request done "http://127.0.0.1:8090/WebTours/reservations.pl"  	[MsgId: MMSG-26000]
Action.c(171): Registered web_reg_find successful for "Text=Error"  	[MsgId: MMSG-26362]
Action.c(171): Registered web_reg_find successful for "Text=Payment Details" (count=1)  	[MsgId: MMSG-26364]
Action.c(171): web_submit_data("reservations.pl_2") was successful, 2726 body bytes, 253 header bytes  	[MsgId: MMSG-26386]
Action.c(189): Notify: Transaction "choose_ticket" ended with a "Pass" status (Duration: 0,5892 Wasted Time: 0,0000).	[MsgId: MMSG-16871]
Action.c(215): Notify: Transaction "UC4_SearchTickets" ended with a "Pass" status (Duration: 26,3562 Think Time: 20,0352 Wasted Time: 0,0061).	[MsgId: MMSG-16870]
Ending action Action.	[MsgId: MMSG-15918]
Action was aborted.	[MsgId: MMSG-10694]
Ending Vuser...	[MsgId: MMSG-15966]
Starting action vuser_end.	[MsgId: MMSG-15919]
Ending action vuser_end.	[MsgId: MMSG-15918]
Vuser Terminated.	[MsgId: MMSG-15963]
Action.c(135): t=6607322ms: Closed connection [0] to 127.0.0.1:8090 after completing 8 request(s)  	[MsgId: MMSG-26000]
Action.c(135): t=6607322ms: Closed connection [1] to 127.0.0.1:8090 after completing 3 request(s)  	[MsgId: MMSG-26000]
Action.c(135): t=6607323ms: Closed connection [2] to 127.0.0.1:8090 after completing 6 request(s)  	[MsgId: MMSG-26000]
Action.c(135): t=6607323ms: Closed connection [3] to 127.0.0.1:8090 after completing 2 request(s)  	[MsgId: MMSG-26000]
Action.c(135): t=6607323ms: Closed connection [4] to 127.0.0.1:8090 after completing 1 request(s)  	[MsgId: MMSG-26000]
HTML-Mode memory management statistics: Reusable=7, NonReusable=0, CsMemBlockSize=4096, checks disabled  	[MsgId: MMSG-26000]
Vuser 1 (thread 4040), ended OK."	[MsgId: MMSG-10695]
